Loading tensorflow/1.14.0
  Loading requirement: cudnn/7.4.2 cuda10.0/toolkit/10.0.130
run_bayesian_U-Net
[33mWARNING:[0m NVIDIA binaries may not be bound with --writable
Usage example: change_mofed_version.sh 4.5-1.0.1
2021-02-18 07:07:39.451964: I tensorflow/stream_executor/platform/default/dso_loader.cc:48] Successfully opened dynamic library libcudart.so.11.0
WARNING:root:Limited tf.compat.v2.summary API due to missing TensorBoard installation.
WARNING:root:Limited tf.compat.v2.summary API due to missing TensorBoard installation.
WARNING:root:Limited tf.compat.v2.summary API due to missing TensorBoard installation.
WARNING:root:Limited tf.summary API due to missing TensorBoard installation.
..data size:(36, 256, 128, 256)
..loading data finished Thu Feb 18 07:08:16 2021
2021-02-18 07:08:16.682909: I tensorflow/stream_executor/platform/default/dso_loader.cc:48] Successfully opened dynamic library libcuda.so.1
2021-02-18 07:08:16.731898: I tensorflow/core/common_runtime/gpu/gpu_device.cc:1561] Found device 0 with properties: 
pciBusID: 0000:03:00.0 name: Tesla P100-PCIE-12GB computeCapability: 6.0
coreClock: 1.3285GHz coreCount: 56 deviceMemorySize: 11.91GiB deviceMemoryBandwidth: 511.41GiB/s
2021-02-18 07:08:16.732892: I tensorflow/core/common_runtime/gpu/gpu_device.cc:1561] Found device 1 with properties: 
pciBusID: 0000:82:00.0 name: Tesla P100-PCIE-12GB computeCapability: 6.0
coreClock: 1.3285GHz coreCount: 56 deviceMemorySize: 11.91GiB deviceMemoryBandwidth: 511.41GiB/s
2021-02-18 07:08:16.732916: I tensorflow/stream_executor/platform/default/dso_loader.cc:48] Successfully opened dynamic library libcudart.so.11.0
2021-02-18 07:08:16.921034: I tensorflow/stream_executor/platform/default/dso_loader.cc:48] Successfully opened dynamic library libcublas.so.11
2021-02-18 07:08:16.930653: I tensorflow/stream_executor/platform/default/dso_loader.cc:48] Successfully opened dynamic library libcufft.so.10
2021-02-18 07:08:16.950065: I tensorflow/stream_executor/platform/default/dso_loader.cc:48] Successfully opened dynamic library libcurand.so.10
2021-02-18 07:08:16.966966: I tensorflow/stream_executor/platform/default/dso_loader.cc:48] Successfully opened dynamic library libcusolver.so.10
2021-02-18 07:08:16.969067: I tensorflow/stream_executor/platform/default/dso_loader.cc:48] Successfully opened dynamic library libcusparse.so.11
2021-02-18 07:08:16.970462: I tensorflow/stream_executor/platform/default/dso_loader.cc:48] Successfully opened dynamic library libcudnn.so.8
2021-02-18 07:08:16.974391: I tensorflow/core/common_runtime/gpu/gpu_device.cc:1703] Adding visible gpu devices: 0, 1
2021-02-18 07:08:16.984197: I tensorflow/core/platform/profile_utils/cpu_utils.cc:102] CPU Frequency: 2400095000 Hz
2021-02-18 07:08:16.985036: I tensorflow/compiler/xla/service/service.cc:168] XLA service 0x2aacf0000b20 initialized for platform Host (this does not guarantee that XLA will be used). Devices:
2021-02-18 07:08:16.985054: I tensorflow/compiler/xla/service/service.cc:176]   StreamExecutor device (0): Host, Default Version
2021-02-18 07:08:17.145019: I tensorflow/compiler/xla/service/service.cc:168] XLA service 0x1816660 initialized for platform CUDA (this does not guarantee that XLA will be used). Devices:
2021-02-18 07:08:17.145050: I tensorflow/compiler/xla/service/service.cc:176]   StreamExecutor device (0): Tesla P100-PCIE-12GB, Compute Capability 6.0
2021-02-18 07:08:17.145056: I tensorflow/compiler/xla/service/service.cc:176]   StreamExecutor device (1): Tesla P100-PCIE-12GB, Compute Capability 6.0
2021-02-18 07:08:17.146362: I tensorflow/core/common_runtime/gpu/gpu_device.cc:1561] Found device 0 with properties: 
pciBusID: 0000:03:00.0 name: Tesla P100-PCIE-12GB computeCapability: 6.0
coreClock: 1.3285GHz coreCount: 56 deviceMemorySize: 11.91GiB deviceMemoryBandwidth: 511.41GiB/s
2021-02-18 07:08:17.147323: I tensorflow/core/common_runtime/gpu/gpu_device.cc:1561] Found device 1 with properties: 
pciBusID: 0000:82:00.0 name: Tesla P100-PCIE-12GB computeCapability: 6.0
coreClock: 1.3285GHz coreCount: 56 deviceMemorySize: 11.91GiB deviceMemoryBandwidth: 511.41GiB/s
2021-02-18 07:08:17.147356: I tensorflow/stream_executor/platform/default/dso_loader.cc:48] Successfully opened dynamic library libcudart.so.11.0
2021-02-18 07:08:17.147409: I tensorflow/stream_executor/platform/default/dso_loader.cc:48] Successfully opened dynamic library libcublas.so.11
2021-02-18 07:08:17.147428: I tensorflow/stream_executor/platform/default/dso_loader.cc:48] Successfully opened dynamic library libcufft.so.10
2021-02-18 07:08:17.147445: I tensorflow/stream_executor/platform/default/dso_loader.cc:48] Successfully opened dynamic library libcurand.so.10
2021-02-18 07:08:17.147462: I tensorflow/stream_executor/platform/default/dso_loader.cc:48] Successfully opened dynamic library libcusolver.so.10
2021-02-18 07:08:17.147479: I tensorflow/stream_executor/platform/default/dso_loader.cc:48] Successfully opened dynamic library libcusparse.so.11
2021-02-18 07:08:17.147497: I tensorflow/stream_executor/platform/default/dso_loader.cc:48] Successfully opened dynamic library libcudnn.so.8
2021-02-18 07:08:17.151466: I tensorflow/core/common_runtime/gpu/gpu_device.cc:1703] Adding visible gpu devices: 0, 1
2021-02-18 07:08:17.151492: I tensorflow/stream_executor/platform/default/dso_loader.cc:48] Successfully opened dynamic library libcudart.so.11.0
2021-02-18 07:08:17.731856: I tensorflow/core/common_runtime/gpu/gpu_device.cc:1102] Device interconnect StreamExecutor with strength 1 edge matrix:
2021-02-18 07:08:17.731911: I tensorflow/core/common_runtime/gpu/gpu_device.cc:1108]      0 1 
2021-02-18 07:08:17.731922: I tensorflow/core/common_runtime/gpu/gpu_device.cc:1121] 0:   N N 
2021-02-18 07:08:17.731927: I tensorflow/core/common_runtime/gpu/gpu_device.cc:1121] 1:   N N 
2021-02-18 07:08:17.735243: I tensorflow/core/common_runtime/gpu/gpu_device.cc:1247] Created TensorFlow device (/job:localhost/replica:0/task:0/device:GPU:0 with 11134 MB memory) -> physical GPU (device: 0, name: Tesla P100-PCIE-12GB, pci bus id: 0000:03:00.0, compute capability: 6.0)
2021-02-18 07:08:17.736610: I tensorflow/core/common_runtime/gpu/gpu_device.cc:1247] Created TensorFlow device (/job:localhost/replica:0/task:0/device:GPU:1 with 11134 MB memory) -> physical GPU (device: 1, name: Tesla P100-PCIE-12GB, pci bus id: 0000:82:00.0, compute capability: 6.0)
WARNING:tensorflow:From ../examples/main_cross_validation_Bayesian_UNet.py:86: multi_gpu_model (from tensorflow.python.keras.utils.multi_gpu_utils) is deprecated and will be removed after 2020-04-01.
Instructions for updating:
Use `tf.distribute.MirroredStrategy` instead.
WARNING:tensorflow:From ../examples/main_cross_validation_Bayesian_UNet.py:86: multi_gpu_model (from tensorflow.python.keras.utils.multi_gpu_utils) is deprecated and will be removed after 2020-04-01.
Instructions for updating:
Use `tf.distribute.MirroredStrategy` instead.
2021-02-18 07:08:18.777342: I tensorflow/core/common_runtime/gpu/gpu_device.cc:1561] Found device 0 with properties: 
pciBusID: 0000:03:00.0 name: Tesla P100-PCIE-12GB computeCapability: 6.0
coreClock: 1.3285GHz coreCount: 56 deviceMemorySize: 11.91GiB deviceMemoryBandwidth: 511.41GiB/s
2021-02-18 07:08:18.778324: I tensorflow/core/common_runtime/gpu/gpu_device.cc:1561] Found device 1 with properties: 
pciBusID: 0000:82:00.0 name: Tesla P100-PCIE-12GB computeCapability: 6.0
coreClock: 1.3285GHz coreCount: 56 deviceMemorySize: 11.91GiB deviceMemoryBandwidth: 511.41GiB/s
2021-02-18 07:08:18.778354: I tensorflow/stream_executor/platform/default/dso_loader.cc:48] Successfully opened dynamic library libcudart.so.11.0
2021-02-18 07:08:18.778405: I tensorflow/stream_executor/platform/default/dso_loader.cc:48] Successfully opened dynamic library libcublas.so.11
2021-02-18 07:08:18.778423: I tensorflow/stream_executor/platform/default/dso_loader.cc:48] Successfully opened dynamic library libcufft.so.10
2021-02-18 07:08:18.778440: I tensorflow/stream_executor/platform/default/dso_loader.cc:48] Successfully opened dynamic library libcurand.so.10
2021-02-18 07:08:18.778457: I tensorflow/stream_executor/platform/default/dso_loader.cc:48] Successfully opened dynamic library libcusolver.so.10
2021-02-18 07:08:18.778479: I tensorflow/stream_executor/platform/default/dso_loader.cc:48] Successfully opened dynamic library libcusparse.so.11
2021-02-18 07:08:18.778496: I tensorflow/stream_executor/platform/default/dso_loader.cc:48] Successfully opened dynamic library libcudnn.so.8
2021-02-18 07:08:18.781625: I tensorflow/core/common_runtime/gpu/gpu_device.cc:1703] Adding visible gpu devices: 0, 1
2021-02-18 07:08:18.781659: I tensorflow/core/common_runtime/gpu/gpu_device.cc:1102] Device interconnect StreamExecutor with strength 1 edge matrix:
2021-02-18 07:08:18.781666: I tensorflow/core/common_runtime/gpu/gpu_device.cc:1108]      0 1 
2021-02-18 07:08:18.781672: I tensorflow/core/common_runtime/gpu/gpu_device.cc:1121] 0:   N N 
2021-02-18 07:08:18.781677: I tensorflow/core/common_runtime/gpu/gpu_device.cc:1121] 1:   N N 
2021-02-18 07:08:18.783992: I tensorflow/core/common_runtime/gpu/gpu_device.cc:1247] Created TensorFlow device (/job:localhost/replica:0/task:0/device:GPU:0 with 11134 MB memory) -> physical GPU (device: 0, name: Tesla P100-PCIE-12GB, pci bus id: 0000:03:00.0, compute capability: 6.0)
2021-02-18 07:08:18.785011: I tensorflow/core/common_runtime/gpu/gpu_device.cc:1247] Created TensorFlow device (/job:localhost/replica:0/task:0/device:GPU:1 with 11134 MB memory) -> physical GPU (device: 1, name: Tesla P100-PCIE-12GB, pci bus id: 0000:82:00.0, compute capability: 6.0)
---------fold--2---------
train:  [26 24  5  2  9  8 28 11  7 35 32  3 10 25  4 30 33 31  0 29 27  6 34  1]
test:  [12 13 14 15 16 17 18 19 20 21 22 23]
..generator_len: 300
..training_n_subject: 24
..training_n_patch_per_sub: 2421185
WARNING:tensorflow:From ../examples/main_cross_validation_Bayesian_UNet.py:99: Model.fit_generator (from tensorflow.python.keras.engine.training) is deprecated and will be removed in a future version.
Instructions for updating:
Please use Model.fit, which supports generators.
WARNING:tensorflow:From ../examples/main_cross_validation_Bayesian_UNet.py:99: Model.fit_generator (from tensorflow.python.keras.engine.training) is deprecated and will be removed in a future version.
Instructions for updating:
Please use Model.fit, which supports generators.
2021-02-18 07:09:47.092432: I tensorflow/stream_executor/platform/default/dso_loader.cc:48] Successfully opened dynamic library libcudnn.so.8
2021-02-18 07:09:49.554502: I tensorflow/stream_executor/platform/default/dso_loader.cc:48] Successfully opened dynamic library libcublas.so.11
Epoch 1/60
300/300 - 3211s - loss: 0.8241 - dice_multi: 0.2524
Epoch 2/60
300/300 - 3262s - loss: 0.6879 - dice_multi: 0.2929
Epoch 3/60
300/300 - 3276s - loss: 0.6332 - dice_multi: 0.3070
Epoch 4/60
300/300 - 3284s - loss: 0.6171 - dice_multi: 0.3268
Epoch 5/60
300/300 - 3288s - loss: 0.5982 - dice_multi: 0.3294
Epoch 6/60
300/300 - 3284s - loss: 0.5552 - dice_multi: 0.3479
Epoch 7/60
300/300 - 3316s - loss: 0.5612 - dice_multi: 0.3523
Epoch 8/60
300/300 - 3278s - loss: 0.5104 - dice_multi: 0.3614
Epoch 9/60
300/300 - 3290s - loss: 0.5282 - dice_multi: 0.3670
Epoch 10/60
300/300 - 3293s - loss: 0.4970 - dice_multi: 0.3848
Epoch 11/60
300/300 - 3291s - loss: 0.4815 - dice_multi: 0.4010
Epoch 12/60
300/300 - 3288s - loss: 0.4749 - dice_multi: 0.4066
Epoch 13/60
300/300 - 3284s - loss: 0.4549 - dice_multi: 0.4181
Epoch 14/60
300/300 - 3302s - loss: 0.4397 - dice_multi: 0.4321
Epoch 15/60
300/300 - 3294s - loss: 0.4246 - dice_multi: 0.4430
Epoch 16/60
300/300 - 3299s - loss: 0.4029 - dice_multi: 0.4480
Epoch 17/60
300/300 - 3312s - loss: 0.4047 - dice_multi: 0.4420
Epoch 18/60
300/300 - 3298s - loss: 0.4057 - dice_multi: 0.4568
Epoch 19/60
300/300 - 3308s - loss: 0.4099 - dice_multi: 0.4600
Epoch 20/60
300/300 - 3314s - loss: 0.3740 - dice_multi: 0.4715
Epoch 21/60
300/300 - 3299s - loss: 0.3661 - dice_multi: 0.4833
Epoch 22/60
300/300 - 3289s - loss: 0.3723 - dice_multi: 0.4942
Epoch 23/60
300/300 - 3316s - loss: 0.3391 - dice_multi: 0.5005
Epoch 24/60
300/300 - 3292s - loss: 0.3395 - dice_multi: 0.5118
Epoch 25/60
300/300 - 3321s - loss: 0.3237 - dice_multi: 0.5199
Epoch 26/60
300/300 - 3286s - loss: 0.3232 - dice_multi: 0.5229
Epoch 27/60
300/300 - 3304s - loss: 0.3374 - dice_multi: 0.5248
Epoch 28/60
300/300 - 3305s - loss: 0.3282 - dice_multi: 0.5334
Epoch 29/60
300/300 - 3330s - loss: 0.3032 - dice_multi: 0.5497
Epoch 30/60
300/300 - 3314s - loss: 0.3127 - dice_multi: 0.5477
Epoch 31/60
300/300 - 3287s - loss: 0.2901 - dice_multi: 0.5544
Epoch 32/60
300/300 - 3305s - loss: 0.3013 - dice_multi: 0.5638
Epoch 33/60
300/300 - 3310s - loss: 0.2976 - dice_multi: 0.5585
Epoch 34/60
300/300 - 3300s - loss: 0.2819 - dice_multi: 0.5694
Epoch 35/60
300/300 - 3300s - loss: 0.2775 - dice_multi: 0.5815
Epoch 36/60
300/300 - 3309s - loss: 0.2795 - dice_multi: 0.5878
Epoch 37/60
300/300 - 3296s - loss: 0.2648 - dice_multi: 0.5846
Epoch 38/60
300/300 - 3307s - loss: 0.2716 - dice_multi: 0.5872
Epoch 39/60
300/300 - 3291s - loss: 0.2462 - dice_multi: 0.6020
Epoch 40/60
300/300 - 3309s - loss: 0.2670 - dice_multi: 0.6031
Epoch 41/60
300/300 - 3302s - loss: 0.2593 - dice_multi: 0.6059
Epoch 42/60
300/300 - 3298s - loss: 0.2559 - dice_multi: 0.6168
Epoch 43/60
300/300 - 3300s - loss: 0.2451 - dice_multi: 0.6182
Epoch 44/60
300/300 - 3293s - loss: 0.2423 - dice_multi: 0.6157
Epoch 45/60
300/300 - 3302s - loss: 0.2403 - dice_multi: 0.6178
Epoch 46/60
300/300 - 3306s - loss: 0.2367 - dice_multi: 0.6259
Epoch 47/60
300/300 - 3305s - loss: 0.2350 - dice_multi: 0.6276
Epoch 48/60
300/300 - 3299s - loss: 0.2289 - dice_multi: 0.6437
Epoch 49/60
300/300 - 3313s - loss: 0.2269 - dice_multi: 0.6408
Epoch 50/60
300/300 - 3297s - loss: 0.2273 - dice_multi: 0.6489
Epoch 51/60
300/300 - 3326s - loss: 0.2137 - dice_multi: 0.6532
Epoch 52/60
300/300 - 3302s - loss: 0.2128 - dice_multi: 0.6503
Epoch 53/60
300/300 - 3291s - loss: 0.2266 - dice_multi: 0.6469
Epoch 54/60
300/300 - 3313s - loss: 0.2197 - dice_multi: 0.6515
Epoch 55/60
300/300 - 3309s - loss: 0.2121 - dice_multi: 0.6565
Epoch 56/60
300/300 - 3301s - loss: 0.2077 - dice_multi: 0.6568
Epoch 57/60
300/300 - 3305s - loss: 0.2117 - dice_multi: 0.6627
Epoch 58/60
300/300 - 3317s - loss: 0.2161 - dice_multi: 0.6501
Epoch 59/60
300/300 - 3300s - loss: 0.2080 - dice_multi: 0.6610
Epoch 60/60
300/300 - 3312s - loss: 0.2069 - dice_multi: 0.6740
2021-02-20 20:13:30.710815: I tensorflow/core/common_runtime/gpu/gpu_device.cc:1561] Found device 0 with properties: 
pciBusID: 0000:03:00.0 name: Tesla P100-PCIE-12GB computeCapability: 6.0
coreClock: 1.3285GHz coreCount: 56 deviceMemorySize: 11.91GiB deviceMemoryBandwidth: 511.41GiB/s
2021-02-20 20:13:30.712690: I tensorflow/core/common_runtime/gpu/gpu_device.cc:1561] Found device 1 with properties: 
pciBusID: 0000:82:00.0 name: Tesla P100-PCIE-12GB computeCapability: 6.0
coreClock: 1.3285GHz coreCount: 56 deviceMemorySize: 11.91GiB deviceMemoryBandwidth: 511.41GiB/s
2021-02-20 20:13:30.712734: I tensorflow/stream_executor/platform/default/dso_loader.cc:48] Successfully opened dynamic library libcudart.so.11.0
2021-02-20 20:13:30.712858: I tensorflow/stream_executor/platform/default/dso_loader.cc:48] Successfully opened dynamic library libcublas.so.11
2021-02-20 20:13:30.712886: I tensorflow/stream_executor/platform/default/dso_loader.cc:48] Successfully opened dynamic library libcufft.so.10
2021-02-20 20:13:30.712910: I tensorflow/stream_executor/platform/default/dso_loader.cc:48] Successfully opened dynamic library libcurand.so.10
2021-02-20 20:13:30.712932: I tensorflow/stream_executor/platform/default/dso_loader.cc:48] Successfully opened dynamic library libcusolver.so.10
2021-02-20 20:13:30.712956: I tensorflow/stream_executor/platform/default/dso_loader.cc:48] Successfully opened dynamic library libcusparse.so.11
2021-02-20 20:13:30.712978: I tensorflow/stream_executor/platform/default/dso_loader.cc:48] Successfully opened dynamic library libcudnn.so.8
2021-02-20 20:13:30.716080: I tensorflow/core/common_runtime/gpu/gpu_device.cc:1703] Adding visible gpu devices: 0, 1
2021-02-20 20:13:30.716130: I tensorflow/core/common_runtime/gpu/gpu_device.cc:1102] Device interconnect StreamExecutor with strength 1 edge matrix:
2021-02-20 20:13:30.716144: I tensorflow/core/common_runtime/gpu/gpu_device.cc:1108]      0 1 
2021-02-20 20:13:30.716150: I tensorflow/core/common_runtime/gpu/gpu_device.cc:1121] 0:   N N 
2021-02-20 20:13:30.716155: I tensorflow/core/common_runtime/gpu/gpu_device.cc:1121] 1:   N N 
2021-02-20 20:13:30.718466: I tensorflow/core/common_runtime/gpu/gpu_device.cc:1247] Created TensorFlow device (/job:localhost/replica:0/task:0/device:GPU:0 with 11134 MB memory) -> physical GPU (device: 0, name: Tesla P100-PCIE-12GB, pci bus id: 0000:03:00.0, compute capability: 6.0)
2021-02-20 20:13:30.719423: I tensorflow/core/common_runtime/gpu/gpu_device.cc:1247] Created TensorFlow device (/job:localhost/replica:0/task:0/device:GPU:1 with 11134 MB memory) -> physical GPU (device: 1, name: Tesla P100-PCIE-12GB, pci bus id: 0000:82:00.0, compute capability: 6.0)
training time: 202699.7874827385
executation time:1428.7878705263138
---------fold--3---------
train:  [ 5 11 10  1  9 16 12 13 22 14  8  3  2 23  0  7 19 15 17  4 21 20 18  6]
test:  [24 25 26 27 28 29 30 31 32 33 34 35]
..generator_len: 300
..training_n_subject: 24
..training_n_patch_per_sub: 2421185
Epoch 1/60
300/300 - 3238s - loss: 0.9314 - dice_multi: 0.2758
Epoch 2/60
300/300 - 3317s - loss: 0.7379 - dice_multi: 0.3251
Epoch 3/60
300/300 - 3349s - loss: 0.6642 - dice_multi: 0.3496
Epoch 4/60
300/300 - 3365s - loss: 0.6332 - dice_multi: 0.3635
Epoch 5/60
300/300 - 3384s - loss: 0.6189 - dice_multi: 0.3804
Epoch 6/60
300/300 - 3377s - loss: 0.5857 - dice_multi: 0.3953
Epoch 7/60
300/300 - 3393s - loss: 0.5662 - dice_multi: 0.4092
Epoch 8/60
300/300 - 3391s - loss: 0.5441 - dice_multi: 0.4163
Epoch 9/60
300/300 - 3396s - loss: 0.5181 - dice_multi: 0.4293
Epoch 10/60
300/300 - 3395s - loss: 0.5075 - dice_multi: 0.4417
Epoch 11/60
300/300 - 3413s - loss: 0.4822 - dice_multi: 0.4555
Epoch 12/60
300/300 - 3399s - loss: 0.4788 - dice_multi: 0.4705
Epoch 13/60
300/300 - 3415s - loss: 0.4630 - dice_multi: 0.4784
Epoch 14/60
300/300 - 3434s - loss: 0.4488 - dice_multi: 0.4898
Epoch 15/60
300/300 - 3428s - loss: 0.4248 - dice_multi: 0.4989
Epoch 16/60
300/300 - 3406s - loss: 0.4199 - dice_multi: 0.5078
Epoch 17/60
300/300 - 3416s - loss: 0.4080 - dice_multi: 0.5146
Epoch 18/60
300/300 - 3415s - loss: 0.3849 - dice_multi: 0.5258
Epoch 19/60
300/300 - 3452s - loss: 0.3961 - dice_multi: 0.5262
Epoch 20/60
300/300 - 3423s - loss: 0.3782 - dice_multi: 0.5459
Epoch 21/60
300/300 - 3418s - loss: 0.3684 - dice_multi: 0.5503
Epoch 22/60
300/300 - 3425s - loss: 0.3492 - dice_multi: 0.5678
Epoch 23/60
300/300 - 3415s - loss: 0.3547 - dice_multi: 0.5731
Epoch 24/60
300/300 - 3412s - loss: 0.3422 - dice_multi: 0.5864
Epoch 25/60
300/300 - 3422s - loss: 0.3312 - dice_multi: 0.5842
Epoch 26/60
300/300 - 3428s - loss: 0.3448 - dice_multi: 0.5916
Epoch 27/60
300/300 - 3446s - loss: 0.3063 - dice_multi: 0.6133
Epoch 28/60
300/300 - 3422s - loss: 0.3002 - dice_multi: 0.6181
Epoch 29/60
300/300 - 3412s - loss: 0.3046 - dice_multi: 0.6062
Epoch 30/60
300/300 - 3423s - loss: 0.2930 - dice_multi: 0.6331
Epoch 31/60
300/300 - 3426s - loss: 0.3035 - dice_multi: 0.6215
Epoch 32/60
300/300 - 3422s - loss: 0.2946 - dice_multi: 0.6257
Epoch 33/60
300/300 - 3435s - loss: 0.2712 - dice_multi: 0.6509
Epoch 34/60
300/300 - 3431s - loss: 0.2684 - dice_multi: 0.6406
Epoch 35/60
300/300 - 3423s - loss: 0.2680 - dice_multi: 0.6521
Epoch 36/60
300/300 - 3424s - loss: 0.2552 - dice_multi: 0.6492
Epoch 37/60
300/300 - 3414s - loss: 0.2534 - dice_multi: 0.6670
Epoch 38/60
300/300 - 3442s - loss: 0.2446 - dice_multi: 0.6813
Epoch 39/60
300/300 - 3443s - loss: 0.2658 - dice_multi: 0.6478
Epoch 40/60
300/300 - 3407s - loss: 0.2293 - dice_multi: 0.6732
Epoch 41/60
300/300 - 3429s - loss: 0.2397 - dice_multi: 0.6815
Epoch 42/60
300/300 - 3397s - loss: 0.2353 - dice_multi: 0.6763
Epoch 43/60
300/300 - 3404s - loss: 0.2322 - dice_multi: 0.6999
Epoch 44/60
300/300 - 3433s - loss: 0.2385 - dice_multi: 0.6763
Epoch 45/60
300/300 - 3420s - loss: 0.2263 - dice_multi: 0.7018
Epoch 46/60
300/300 - 3405s - loss: 0.2217 - dice_multi: 0.7034
Epoch 47/60
300/300 - 3415s - loss: 0.2167 - dice_multi: 0.6992
Epoch 48/60
300/300 - 3430s - loss: 0.2150 - dice_multi: 0.6924
Epoch 49/60
300/300 - 3424s - loss: 0.2192 - dice_multi: 0.6953
Epoch 50/60
300/300 - 3426s - loss: 0.2247 - dice_multi: 0.7042
Epoch 51/60
300/300 - 3435s - loss: 0.2060 - dice_multi: 0.7067
Epoch 52/60
300/300 - 3416s - loss: 0.2033 - dice_multi: 0.7004
Epoch 53/60
300/300 - 3443s - loss: 0.2060 - dice_multi: 0.7129
Epoch 54/60
300/300 - 3418s - loss: 0.2148 - dice_multi: 0.7171
Epoch 55/60
300/300 - 3412s - loss: 0.2028 - dice_multi: 0.7085
Epoch 56/60
300/300 - 3424s - loss: 0.2024 - dice_multi: 0.7160
Epoch 57/60
300/300 - 3462s - loss: 0.2030 - dice_multi: 0.7154
Epoch 58/60
300/300 - 3399s - loss: 0.1961 - dice_multi: 0.7177
Epoch 59/60
300/300 - 3453s - loss: 0.1968 - dice_multi: 0.7221
Epoch 60/60
300/300 - 3478s - loss: 0.1922 - dice_multi: 0.7237
training time: 209651.06897687912
executation time:1430.506032983462
[array([0.98501676, 0.83664817, 0.8242142 , 0.9486217 , 0.93359363,
       0.8679658 , 0.88518316], dtype=float32), array([0.99423474, 0.870519  , 0.7614408 , 0.8730576 , 0.651381  ,
       0.5556545 , 0.8444528 ], dtype=float32), array([0.9941152 , 0.8806977 , 0.83368134, 0.88977766, 0.80967575,
       0.80160767, 0.9327478 ], dtype=float32), array([0.97180766, 0.8912528 , 0.8310484 , 0.92653674, 0.922186  ,
       0.5508302 , 0.6884    ], dtype=float32), array([0.9930995 , 0.87180215, 0.83830285, 0.8888231 , 0.8504246 ,
       0.6980458 , 0.9240387 ], dtype=float32), array([0.9800952 , 0.670701  , 0.6972299 , 0.6843041 , 0.886557  ,
       0.7884953 , 0.89613247], dtype=float32), array([0.9738561 , 0.8230984 , 0.82229084, 0.9461354 , 0.95704323,
       0.7945667 , 0.91553   ], dtype=float32), array([0.9707477 , 0.8177121 , 0.7785838 , 0.9315712 , 0.95036614,
       0.6107851 , 0.7034907 ], dtype=float32), array([0.96601796, 0.7956425 , 0.6899444 , 0.870109  , 0.95046073,
       0.41863948, 0.5145489 ], dtype=float32), array([0.99449784, 0.7795247 , 0.6948567 , 0.8189043 , 0.9625376 ,
       0.7039566 , 0.92134243], dtype=float32), array([0.9831078 , 0.75510764, 0.8304877 , 0.92807543, 0.9660921 ,
       0.80919623, 0.8719357 ], dtype=float32), array([0.97848165, 0.8410334 , 0.83853215, 0.920768  , 0.9595392 ,
       0.8009128 , 0.88402337], dtype=float32), array([0.98784125, 0.69101065, 0.82895315, 0.8822106 , 0.94605696,
       0.8767526 , 0.5566455 ], dtype=float32), array([0.9968423 , 0.886396  , 0.69750774, 0.805685  , 0.9135061 ,
       0.89128745, 0.86712176], dtype=float32), array([0.9921746 , 0.73595005, 0.7868372 , 0.7753327 , 0.9675791 ,
       0.87139815, 0.597879  ], dtype=float32), array([0.9954986 , 0.83812267, 0.81586653, 0.8543136 , 0.9690779 ,
       0.8937186 , 0.9287192 ], dtype=float32), array([0.99377424, 0.77254486, 0.8051668 , 0.8757675 , 0.84853476,
       0.8792511 , 0.88133186], dtype=float32), array([0.9960979 , 0.80489486, 0.47926244, 0.6912138 , 0.28901076,
       0.82328033, 0.85783315], dtype=float32), array([0.9933301 , 0.615459  , 0.5251884 , 0.7812539 , 0.9384336 ,
       0.82673854, 0.8564178 ], dtype=float32), array([0.9928141 , 0.8279248 , 0.8157027 , 0.86968195, 0.95616525,
       0.8774822 , 0.9156372 ], dtype=float32), array([0.99698716, 0.8618708 , 0.8116442 , 0.8791903 , 0.8981633 ,
       0.8382016 , 0.8550377 ], dtype=float32), array([0.99114966, 0.63618904, 0.6971823 , 0.81307095, 0.9696617 ,
       0.8509986 , 0.7953854 ], dtype=float32), array([0.9926728 , 0.4691904 , 0.51799136, 0.6980416 , 0.9475658 ,
       0.8402879 , 0.921605  ], dtype=float32), array([0.9975335 , 0.9059915 , 0.8662635 , 0.8980563 , 0.929846  ,
       0.90172946, 0.9289703 ], dtype=float32)]
[0.9879914  0.7866368  0.7536742  0.85210425 0.8905607  0.78215766
 0.8310171 ]
