Loading tensorflow/2.5
  Loading requirement: cuda11.2/toolkit/11.2.2 cudnn8.1-cuda11.2/8.1.1.33
    hdf5_18/1.8.20
denseNet
[33mWARNING:[0m NVIDIA binaries may not be bound with --writable
2021-09-09 14:34:41.777883: I tensorflow/stream_executor/platform/default/dso_loader.cc:53] Successfully opened dynamic library libcudart.so.11.0
..data size:(41, 256, 128, 256)
..loading data finished Thu Sep  9 14:35:08 2021
2021-09-09 14:35:08.735832: I tensorflow/stream_executor/platform/default/dso_loader.cc:53] Successfully opened dynamic library libcuda.so.1
2021-09-09 14:35:08.791258: I tensorflow/core/common_runtime/gpu/gpu_device.cc:1734] Found device 0 with properties: 
pciBusID: 0000:3b:00.0 name: A100-PCIE-40GB computeCapability: 8.0
coreClock: 1.41GHz coreCount: 108 deviceMemorySize: 39.59GiB deviceMemoryBandwidth: 1.41TiB/s
2021-09-09 14:35:08.791309: I tensorflow/stream_executor/platform/default/dso_loader.cc:53] Successfully opened dynamic library libcudart.so.11.0
2021-09-09 14:35:08.832876: I tensorflow/stream_executor/platform/default/dso_loader.cc:53] Successfully opened dynamic library libcublas.so.11
2021-09-09 14:35:08.833052: I tensorflow/stream_executor/platform/default/dso_loader.cc:53] Successfully opened dynamic library libcublasLt.so.11
2021-09-09 14:35:08.843823: I tensorflow/stream_executor/platform/default/dso_loader.cc:53] Successfully opened dynamic library libcufft.so.10
2021-09-09 14:35:08.863612: I tensorflow/stream_executor/platform/default/dso_loader.cc:53] Successfully opened dynamic library libcurand.so.10
2021-09-09 14:35:08.867486: I tensorflow/stream_executor/platform/default/dso_loader.cc:53] Successfully opened dynamic library libcusolver.so.11
2021-09-09 14:35:08.872286: I tensorflow/stream_executor/platform/default/dso_loader.cc:53] Successfully opened dynamic library libcusparse.so.11
2021-09-09 14:35:08.874635: I tensorflow/stream_executor/platform/default/dso_loader.cc:53] Successfully opened dynamic library libcudnn.so.8
2021-09-09 14:35:08.886761: I tensorflow/core/common_runtime/gpu/gpu_device.cc:1872] Adding visible gpu devices: 0
2021-09-09 14:35:08.893313: I tensorflow/core/common_runtime/gpu/gpu_device.cc:1734] Found device 0 with properties: 
pciBusID: 0000:3b:00.0 name: A100-PCIE-40GB computeCapability: 8.0
coreClock: 1.41GHz coreCount: 108 deviceMemorySize: 39.59GiB deviceMemoryBandwidth: 1.41TiB/s
2021-09-09 14:35:08.897904: I tensorflow/core/common_runtime/gpu/gpu_device.cc:1872] Adding visible gpu devices: 0
2021-09-09 14:35:08.897946: I tensorflow/stream_executor/platform/default/dso_loader.cc:53] Successfully opened dynamic library libcudart.so.11.0
2021-09-09 14:35:09.437906: I tensorflow/core/common_runtime/gpu/gpu_device.cc:1258] Device interconnect StreamExecutor with strength 1 edge matrix:
2021-09-09 14:35:09.437968: I tensorflow/core/common_runtime/gpu/gpu_device.cc:1264]      0 
2021-09-09 14:35:09.437994: I tensorflow/core/common_runtime/gpu/gpu_device.cc:1277] 0:   N 
2021-09-09 14:35:09.444387: I tensorflow/core/common_runtime/gpu/gpu_device.cc:1418] Created TensorFlow device (/job:localhost/replica:0/task:0/device:GPU:0 with 38184 MB memory) -> physical GPU (device: 0, name: A100-PCIE-40GB, pci bus id: 0000:3b:00.0, compute capability: 8.0)
---------fold--1---------
training set:  [13 14 15 16 17 18 19 20 21 22 23 24 25 26 27 28 29 30 31 32 33 34 35 36
 37 38]
training set size:  26
testing set:  [ 0  1  2  3  4  5  6  7  8  9 10 11 12]
testing set size:  13
d1 shape is: [None, 32, 32, 32, 96]
t1 shape is: [None, 16, 16, 16, 48]
d2 shape is: [None, 16, 16, 16, 112]
t2 shape is: [None, 8, 8, 8, 56]
d3 shape is: [None, 8, 8, 8, 120]
t3 shape is: [None, 4, 4, 4, 60]
last layer shape is: [None, 64, 64, 64, 7]
..generator_len: 400
..training_n_subject: 26
..training_n_patch_per_sub: 2421185
..step_by_epoch:400
..self.current_epoch:0
2021-09-09 14:35:12.749125: I tensorflow/compiler/mlir/mlir_graph_optimization_pass.cc:176] None of the MLIR Optimization Passes are enabled (registered 2)
2021-09-09 14:35:12.749683: I tensorflow/core/platform/profile_utils/cpu_utils.cc:114] CPU Frequency: 2100000000 Hz
2021-09-09 14:35:17.861523: I tensorflow/stream_executor/platform/default/dso_loader.cc:53] Successfully opened dynamic library libcudnn.so.8
2021-09-09 14:35:18.799395: I tensorflow/stream_executor/cuda/cuda_dnn.cc:380] Loaded cuDNN version 8202
2021-09-09 14:35:19.758976: I tensorflow/stream_executor/platform/default/dso_loader.cc:53] Successfully opened dynamic library libcublas.so.11
2021-09-09 14:35:20.532170: I tensorflow/stream_executor/platform/default/dso_loader.cc:53] Successfully opened dynamic library libcublasLt.so.11
Epoch 1/80
400/400 - 67s - loss: 0.7173 - dice_multi: 0.3508
Epoch 2/80
400/400 - 56s - loss: 0.5926 - dice_multi: 0.4163
Epoch 3/80
400/400 - 54s - loss: 0.5205 - dice_multi: 0.4473
Epoch 4/80
400/400 - 53s - loss: 0.4744 - dice_multi: 0.4727
Epoch 5/80
400/400 - 54s - loss: 0.4492 - dice_multi: 0.4976
Epoch 6/80
400/400 - 52s - loss: 0.4311 - dice_multi: 0.5081
Epoch 7/80
400/400 - 54s - loss: 0.3929 - dice_multi: 0.5276
Epoch 8/80
400/400 - 53s - loss: 0.3915 - dice_multi: 0.5313
Epoch 9/80
400/400 - 54s - loss: 0.3604 - dice_multi: 0.5485
Epoch 10/80
400/400 - 53s - loss: 0.3586 - dice_multi: 0.5527
Epoch 11/80
400/400 - 54s - loss: 0.3488 - dice_multi: 0.5647
Epoch 12/80
400/400 - 54s - loss: 0.3516 - dice_multi: 0.5689
Epoch 13/80
400/400 - 53s - loss: 0.3304 - dice_multi: 0.5701
Epoch 14/80
400/400 - 53s - loss: 0.3186 - dice_multi: 0.5885
Epoch 15/80
400/400 - 55s - loss: 0.3297 - dice_multi: 0.5798
Epoch 16/80
400/400 - 55s - loss: 0.3298 - dice_multi: 0.5874
Epoch 17/80
400/400 - 54s - loss: 0.3043 - dice_multi: 0.6020
Epoch 18/80
400/400 - 54s - loss: 0.3124 - dice_multi: 0.6050
Epoch 19/80
400/400 - 54s - loss: 0.2925 - dice_multi: 0.6117
Epoch 20/80
400/400 - 55s - loss: 0.3001 - dice_multi: 0.6003
Epoch 21/80
400/400 - 56s - loss: 0.2953 - dice_multi: 0.6252
Epoch 22/80
400/400 - 54s - loss: 0.2876 - dice_multi: 0.6131
Epoch 23/80
400/400 - 53s - loss: 0.2859 - dice_multi: 0.6208
Epoch 24/80
400/400 - 55s - loss: 0.2810 - dice_multi: 0.6242
Epoch 25/80
400/400 - 52s - loss: 0.2800 - dice_multi: 0.6204
Epoch 26/80
400/400 - 54s - loss: 0.2863 - dice_multi: 0.6225
Epoch 27/80
400/400 - 54s - loss: 0.2718 - dice_multi: 0.6300
Epoch 28/80
400/400 - 54s - loss: 0.2632 - dice_multi: 0.6405
Epoch 29/80
400/400 - 54s - loss: 0.2652 - dice_multi: 0.6329
Epoch 30/80
400/400 - 54s - loss: 0.2640 - dice_multi: 0.6406
Epoch 31/80
400/400 - 54s - loss: 0.2607 - dice_multi: 0.6491
Epoch 32/80
400/400 - 55s - loss: 0.2609 - dice_multi: 0.6419
Epoch 33/80
400/400 - 55s - loss: 0.2593 - dice_multi: 0.6512
Epoch 34/80
400/400 - 55s - loss: 0.2654 - dice_multi: 0.6548
Epoch 35/80
400/400 - 55s - loss: 0.2535 - dice_multi: 0.6541
Epoch 36/80
400/400 - 54s - loss: 0.2550 - dice_multi: 0.6510
Epoch 37/80
400/400 - 53s - loss: 0.2608 - dice_multi: 0.6517
Epoch 38/80
400/400 - 54s - loss: 0.2504 - dice_multi: 0.6538
Epoch 39/80
400/400 - 55s - loss: 0.2504 - dice_multi: 0.6555
Epoch 40/80
400/400 - 54s - loss: 0.2314 - dice_multi: 0.6649
Epoch 41/80
400/400 - 54s - loss: 0.2498 - dice_multi: 0.6509
Epoch 42/80
400/400 - 54s - loss: 0.2270 - dice_multi: 0.6675
Epoch 43/80
400/400 - 54s - loss: 0.2422 - dice_multi: 0.6633
Epoch 44/80
400/400 - 54s - loss: 0.2449 - dice_multi: 0.6654
Epoch 45/80
400/400 - 55s - loss: 0.2199 - dice_multi: 0.6717
Epoch 46/80
400/400 - 53s - loss: 0.2343 - dice_multi: 0.6615
Epoch 47/80
400/400 - 54s - loss: 0.2407 - dice_multi: 0.6661
Epoch 48/80
400/400 - 54s - loss: 0.2443 - dice_multi: 0.6664
Epoch 49/80
400/400 - 53s - loss: 0.2273 - dice_multi: 0.6703
Epoch 50/80
400/400 - 53s - loss: 0.2295 - dice_multi: 0.6707
Epoch 51/80
400/400 - 53s - loss: 0.2282 - dice_multi: 0.6732
Epoch 52/80
400/400 - 53s - loss: 0.2205 - dice_multi: 0.6788
Epoch 53/80
400/400 - 53s - loss: 0.2307 - dice_multi: 0.6661
Epoch 54/80
400/400 - 52s - loss: 0.2196 - dice_multi: 0.6823
Epoch 55/80
400/400 - 52s - loss: 0.2191 - dice_multi: 0.6825
Epoch 56/80
400/400 - 52s - loss: 0.2289 - dice_multi: 0.6713
Epoch 57/80
400/400 - 54s - loss: 0.2279 - dice_multi: 0.6819
Epoch 58/80
400/400 - 53s - loss: 0.2188 - dice_multi: 0.6814
Epoch 59/80
400/400 - 53s - loss: 0.2150 - dice_multi: 0.6867
Epoch 60/80
400/400 - 54s - loss: 0.2130 - dice_multi: 0.6860
Epoch 61/80
400/400 - 53s - loss: 0.2160 - dice_multi: 0.6885
Epoch 62/80
400/400 - 54s - loss: 0.2109 - dice_multi: 0.6857
Epoch 63/80
400/400 - 53s - loss: 0.2178 - dice_multi: 0.6829
Epoch 64/80
400/400 - 55s - loss: 0.2312 - dice_multi: 0.6891
Epoch 65/80
400/400 - 55s - loss: 0.2133 - dice_multi: 0.6895
Epoch 66/80
400/400 - 53s - loss: 0.2294 - dice_multi: 0.6897
Epoch 67/80
400/400 - 54s - loss: 0.2163 - dice_multi: 0.6885
Epoch 68/80
400/400 - 56s - loss: 0.2205 - dice_multi: 0.7042
Epoch 69/80
400/400 - 54s - loss: 0.2024 - dice_multi: 0.6973
Epoch 70/80
400/400 - 53s - loss: 0.2023 - dice_multi: 0.6961
Epoch 71/80
400/400 - 54s - loss: 0.2140 - dice_multi: 0.6895
Epoch 72/80
400/400 - 54s - loss: 0.2129 - dice_multi: 0.6974
Epoch 73/80
400/400 - 56s - loss: 0.2119 - dice_multi: 0.6963
Epoch 74/80
400/400 - 55s - loss: 0.2152 - dice_multi: 0.6934
Epoch 75/80
400/400 - 53s - loss: 0.2017 - dice_multi: 0.7046
Epoch 76/80
400/400 - 54s - loss: 0.2012 - dice_multi: 0.6922
Epoch 77/80
400/400 - 52s - loss: 0.2033 - dice_multi: 0.6995
Epoch 78/80
400/400 - 54s - loss: 0.2010 - dice_multi: 0.7029
Epoch 79/80
400/400 - 53s - loss: 0.1973 - dice_multi: 0.7134
Epoch 80/80
400/400 - 55s - loss: 0.2037 - dice_multi: 0.7010
2021-09-09 15:47:26.555859: I tensorflow/stream_executor/cuda/cuda_blas.cc:1839] TensorFloat-32 will be used for the matrix multiplication. This will only be logged once.
taining time:4331.676383256912
execution time:21.134924265054558
---------fold--2---------
training set:  [ 0  1  2  3  4  5  6  7  8  9 10 11 12 26 27 28 29 30 31 32 33 34 35 36
 37 38]
training set size:  26
testing set:  [13 14 15 16 17 18 19 20 21 22 23 24 25]
testing set size:  13
d1 shape is: [None, 32, 32, 32, 96]
t1 shape is: [None, 16, 16, 16, 48]
d2 shape is: [None, 16, 16, 16, 112]
t2 shape is: [None, 8, 8, 8, 56]
d3 shape is: [None, 8, 8, 8, 120]
t3 shape is: [None, 4, 4, 4, 60]
last layer shape is: [None, 64, 64, 64, 7]
..generator_len: 400
..training_n_subject: 26
..training_n_patch_per_sub: 2421185
..step_by_epoch:400
..self.current_epoch:0
Epoch 1/80
400/400 - 58s - loss: 0.6810 - dice_multi: 0.3250
Epoch 2/80
400/400 - 52s - loss: 0.6058 - dice_multi: 0.3660
Epoch 3/80
400/400 - 53s - loss: 0.5525 - dice_multi: 0.3984
Epoch 4/80
400/400 - 53s - loss: 0.5160 - dice_multi: 0.4217
Epoch 5/80
400/400 - 53s - loss: 0.4934 - dice_multi: 0.4336
Epoch 6/80
400/400 - 52s - loss: 0.4597 - dice_multi: 0.4576
Epoch 7/80
400/400 - 53s - loss: 0.4547 - dice_multi: 0.4610
Epoch 8/80
400/400 - 51s - loss: 0.4195 - dice_multi: 0.4805
Epoch 9/80
400/400 - 53s - loss: 0.4296 - dice_multi: 0.4886
Epoch 10/80
400/400 - 55s - loss: 0.4002 - dice_multi: 0.4997
Epoch 11/80
400/400 - 52s - loss: 0.3859 - dice_multi: 0.5123
Epoch 12/80
400/400 - 53s - loss: 0.3870 - dice_multi: 0.5134
Epoch 13/80
400/400 - 54s - loss: 0.3788 - dice_multi: 0.5162
Epoch 14/80
400/400 - 54s - loss: 0.3712 - dice_multi: 0.5304
Epoch 15/80
400/400 - 54s - loss: 0.3642 - dice_multi: 0.5241
Epoch 16/80
400/400 - 54s - loss: 0.3533 - dice_multi: 0.5376
Epoch 17/80
400/400 - 54s - loss: 0.3482 - dice_multi: 0.5416
Epoch 18/80
400/400 - 52s - loss: 0.3358 - dice_multi: 0.5560
Epoch 19/80
400/400 - 52s - loss: 0.3297 - dice_multi: 0.5518
Epoch 20/80
400/400 - 52s - loss: 0.3349 - dice_multi: 0.5481
Epoch 21/80
400/400 - 53s - loss: 0.3406 - dice_multi: 0.5530
Epoch 22/80
400/400 - 52s - loss: 0.3191 - dice_multi: 0.5692
Epoch 23/80
400/400 - 54s - loss: 0.3127 - dice_multi: 0.5673
Epoch 24/80
400/400 - 53s - loss: 0.3219 - dice_multi: 0.5736
Epoch 25/80
400/400 - 53s - loss: 0.3160 - dice_multi: 0.5763
Epoch 26/80
400/400 - 53s - loss: 0.3106 - dice_multi: 0.5775
Epoch 27/80
400/400 - 53s - loss: 0.2969 - dice_multi: 0.5831
Epoch 28/80
400/400 - 52s - loss: 0.3062 - dice_multi: 0.5746
Epoch 29/80
400/400 - 52s - loss: 0.2951 - dice_multi: 0.5919
Epoch 30/80
400/400 - 54s - loss: 0.2949 - dice_multi: 0.5800
Epoch 31/80
400/400 - 54s - loss: 0.2941 - dice_multi: 0.5881
Epoch 32/80
400/400 - 53s - loss: 0.2925 - dice_multi: 0.5991
Epoch 33/80
400/400 - 54s - loss: 0.2953 - dice_multi: 0.5928
Epoch 34/80
400/400 - 53s - loss: 0.2890 - dice_multi: 0.5946
Epoch 35/80
400/400 - 52s - loss: 0.2958 - dice_multi: 0.6030
Epoch 36/80
400/400 - 54s - loss: 0.2827 - dice_multi: 0.6093
Epoch 37/80
400/400 - 54s - loss: 0.2922 - dice_multi: 0.6040
Epoch 38/80
400/400 - 55s - loss: 0.2804 - dice_multi: 0.6042
Epoch 39/80
400/400 - 54s - loss: 0.2804 - dice_multi: 0.6019
Epoch 40/80
400/400 - 53s - loss: 0.2773 - dice_multi: 0.6108
Epoch 41/80
400/400 - 54s - loss: 0.2753 - dice_multi: 0.6131
Epoch 42/80
400/400 - 54s - loss: 0.2726 - dice_multi: 0.6195
Epoch 43/80
400/400 - 55s - loss: 0.2724 - dice_multi: 0.6129
Epoch 44/80
400/400 - 54s - loss: 0.2816 - dice_multi: 0.6209
Epoch 45/80
400/400 - 55s - loss: 0.2558 - dice_multi: 0.6267
Epoch 46/80
400/400 - 54s - loss: 0.2669 - dice_multi: 0.6248
Epoch 47/80
400/400 - 53s - loss: 0.2550 - dice_multi: 0.6207
Epoch 48/80
400/400 - 56s - loss: 0.2650 - dice_multi: 0.6298
Epoch 49/80
400/400 - 54s - loss: 0.2524 - dice_multi: 0.6236
Epoch 50/80
400/400 - 55s - loss: 0.2627 - dice_multi: 0.6254
Epoch 51/80
400/400 - 55s - loss: 0.2583 - dice_multi: 0.6245
Epoch 52/80
400/400 - 55s - loss: 0.2526 - dice_multi: 0.6283
Epoch 53/80
400/400 - 55s - loss: 0.2662 - dice_multi: 0.6223
Epoch 54/80
400/400 - 54s - loss: 0.2705 - dice_multi: 0.6306
Epoch 55/80
400/400 - 54s - loss: 0.2582 - dice_multi: 0.6311
Epoch 56/80
400/400 - 55s - loss: 0.2453 - dice_multi: 0.6443
Epoch 57/80
400/400 - 54s - loss: 0.2477 - dice_multi: 0.6348
Epoch 58/80
400/400 - 54s - loss: 0.2544 - dice_multi: 0.6295
Epoch 59/80
400/400 - 53s - loss: 0.2543 - dice_multi: 0.6420
Epoch 60/80
400/400 - 55s - loss: 0.2487 - dice_multi: 0.6352
Epoch 61/80
400/400 - 55s - loss: 0.2455 - dice_multi: 0.6437
Epoch 62/80
400/400 - 53s - loss: 0.2404 - dice_multi: 0.6403
Epoch 63/80
400/400 - 55s - loss: 0.2521 - dice_multi: 0.6466
Epoch 64/80
400/400 - 54s - loss: 0.2516 - dice_multi: 0.6467
Epoch 65/80
400/400 - 54s - loss: 0.2467 - dice_multi: 0.6333
Epoch 66/80
400/400 - 54s - loss: 0.2384 - dice_multi: 0.6441
Epoch 67/80
400/400 - 54s - loss: 0.2441 - dice_multi: 0.6462
Epoch 68/80
400/400 - 52s - loss: 0.2464 - dice_multi: 0.6433
Epoch 69/80
400/400 - 54s - loss: 0.2423 - dice_multi: 0.6460
Epoch 70/80
400/400 - 55s - loss: 0.2344 - dice_multi: 0.6506
Epoch 71/80
400/400 - 54s - loss: 0.2419 - dice_multi: 0.6527
Epoch 72/80
400/400 - 54s - loss: 0.2381 - dice_multi: 0.6477
Epoch 73/80
400/400 - 55s - loss: 0.2325 - dice_multi: 0.6523
Epoch 74/80
400/400 - 54s - loss: 0.2329 - dice_multi: 0.6575
Epoch 75/80
400/400 - 53s - loss: 0.2380 - dice_multi: 0.6515
Epoch 76/80
400/400 - 54s - loss: 0.2443 - dice_multi: 0.6555
Epoch 77/80
400/400 - 53s - loss: 0.2359 - dice_multi: 0.6523
Epoch 78/80
400/400 - 53s - loss: 0.2236 - dice_multi: 0.6637
Epoch 79/80
400/400 - 54s - loss: 0.2306 - dice_multi: 0.6575
Epoch 80/80
400/400 - 54s - loss: 0.2397 - dice_multi: 0.6504
taining time:4302.536409139633
execution time:21.479095147206234
---------fold--3---------
training set:  [ 0  1  2  3  4  5  6  7  8  9 10 11 12 13 14 15 16 17 18 19 20 21 22 23
 24 25]
training set size:  26
testing set:  [26 27 28 29 30 31 32 33 34 35 36 37 38 39 40]
testing set size:  15
d1 shape is: [None, 32, 32, 32, 96]
t1 shape is: [None, 16, 16, 16, 48]
d2 shape is: [None, 16, 16, 16, 112]
t2 shape is: [None, 8, 8, 8, 56]
d3 shape is: [None, 8, 8, 8, 120]
t3 shape is: [None, 4, 4, 4, 60]
last layer shape is: [None, 64, 64, 64, 7]
..generator_len: 400
..training_n_subject: 26
..training_n_patch_per_sub: 2421185
..step_by_epoch:400
..self.current_epoch:0
Epoch 1/80
400/400 - 58s - loss: 0.7324 - dice_multi: 0.3521
Epoch 2/80
400/400 - 54s - loss: 0.6177 - dice_multi: 0.4070
Epoch 3/80
400/400 - 51s - loss: 0.5393 - dice_multi: 0.4371
Epoch 4/80
400/400 - 52s - loss: 0.4952 - dice_multi: 0.4659
Epoch 5/80
400/400 - 53s - loss: 0.4755 - dice_multi: 0.4833
Epoch 6/80
400/400 - 52s - loss: 0.4462 - dice_multi: 0.5056
Epoch 7/80
400/400 - 52s - loss: 0.4299 - dice_multi: 0.5106
Epoch 8/80
400/400 - 53s - loss: 0.4171 - dice_multi: 0.5272
Epoch 9/80
400/400 - 54s - loss: 0.4062 - dice_multi: 0.5324
Epoch 10/80
400/400 - 54s - loss: 0.3797 - dice_multi: 0.5485
Epoch 11/80
400/400 - 54s - loss: 0.3886 - dice_multi: 0.5468
Epoch 12/80
400/400 - 54s - loss: 0.3753 - dice_multi: 0.5642
Epoch 13/80
400/400 - 55s - loss: 0.3636 - dice_multi: 0.5665
Epoch 14/80
400/400 - 54s - loss: 0.3552 - dice_multi: 0.5702
Epoch 15/80
400/400 - 54s - loss: 0.3535 - dice_multi: 0.5867
Epoch 16/80
400/400 - 53s - loss: 0.3546 - dice_multi: 0.5820
Epoch 17/80
400/400 - 54s - loss: 0.3264 - dice_multi: 0.5975
Epoch 18/80
400/400 - 54s - loss: 0.3317 - dice_multi: 0.5949
Epoch 19/80
400/400 - 54s - loss: 0.3389 - dice_multi: 0.5940
Epoch 20/80
400/400 - 55s - loss: 0.3370 - dice_multi: 0.6004
Epoch 21/80
400/400 - 54s - loss: 0.3253 - dice_multi: 0.6077
Epoch 22/80
400/400 - 54s - loss: 0.3257 - dice_multi: 0.6021
Epoch 23/80
400/400 - 54s - loss: 0.3217 - dice_multi: 0.6103
Epoch 24/80
400/400 - 52s - loss: 0.3031 - dice_multi: 0.6112
Epoch 25/80
400/400 - 54s - loss: 0.3087 - dice_multi: 0.6120
Epoch 26/80
400/400 - 54s - loss: 0.3212 - dice_multi: 0.6102
Epoch 27/80
400/400 - 53s - loss: 0.3079 - dice_multi: 0.6265
Epoch 28/80
400/400 - 55s - loss: 0.3054 - dice_multi: 0.6265
Epoch 29/80
400/400 - 53s - loss: 0.2937 - dice_multi: 0.6241
Epoch 30/80
400/400 - 56s - loss: 0.3034 - dice_multi: 0.6278
Epoch 31/80
400/400 - 54s - loss: 0.2879 - dice_multi: 0.6344
Epoch 32/80
400/400 - 55s - loss: 0.2927 - dice_multi: 0.6303
Epoch 33/80
400/400 - 55s - loss: 0.2954 - dice_multi: 0.6376
Epoch 34/80
400/400 - 54s - loss: 0.2807 - dice_multi: 0.6386
Epoch 35/80
400/400 - 55s - loss: 0.2862 - dice_multi: 0.6337
Epoch 36/80
400/400 - 54s - loss: 0.2897 - dice_multi: 0.6434
Epoch 37/80
400/400 - 55s - loss: 0.2827 - dice_multi: 0.6458
Epoch 38/80
400/400 - 55s - loss: 0.2757 - dice_multi: 0.6471
Epoch 39/80
400/400 - 53s - loss: 0.2788 - dice_multi: 0.6509
Epoch 40/80
400/400 - 55s - loss: 0.2748 - dice_multi: 0.6539
Epoch 41/80
400/400 - 55s - loss: 0.2754 - dice_multi: 0.6471
Epoch 42/80
400/400 - 54s - loss: 0.2746 - dice_multi: 0.6431
Epoch 43/80
400/400 - 54s - loss: 0.2688 - dice_multi: 0.6514
Epoch 44/80
400/400 - 55s - loss: 0.2736 - dice_multi: 0.6493
Epoch 45/80
400/400 - 54s - loss: 0.2727 - dice_multi: 0.6535
Epoch 46/80
400/400 - 54s - loss: 0.2662 - dice_multi: 0.6513
Epoch 47/80
400/400 - 55s - loss: 0.2604 - dice_multi: 0.6629
Epoch 48/80
400/400 - 55s - loss: 0.2713 - dice_multi: 0.6589
Epoch 49/80
400/400 - 55s - loss: 0.2695 - dice_multi: 0.6578
Epoch 50/80
400/400 - 55s - loss: 0.2619 - dice_multi: 0.6510
Epoch 51/80
400/400 - 54s - loss: 0.2560 - dice_multi: 0.6621
Epoch 52/80
400/400 - 54s - loss: 0.2619 - dice_multi: 0.6615
Epoch 53/80
400/400 - 55s - loss: 0.2575 - dice_multi: 0.6685
Epoch 54/80
400/400 - 54s - loss: 0.2597 - dice_multi: 0.6691
Epoch 55/80
400/400 - 53s - loss: 0.2541 - dice_multi: 0.6620
Epoch 56/80
400/400 - 54s - loss: 0.2555 - dice_multi: 0.6698
Epoch 57/80
400/400 - 55s - loss: 0.2579 - dice_multi: 0.6692
Epoch 58/80
400/400 - 54s - loss: 0.2486 - dice_multi: 0.6695
Epoch 59/80
400/400 - 55s - loss: 0.2514 - dice_multi: 0.6769
Epoch 60/80
400/400 - 53s - loss: 0.2604 - dice_multi: 0.6792
Epoch 61/80
400/400 - 55s - loss: 0.2601 - dice_multi: 0.6781
Epoch 62/80
400/400 - 54s - loss: 0.2483 - dice_multi: 0.6694
Epoch 63/80
400/400 - 55s - loss: 0.2538 - dice_multi: 0.6692
Epoch 64/80
400/400 - 55s - loss: 0.2461 - dice_multi: 0.6825
Epoch 65/80
400/400 - 55s - loss: 0.2473 - dice_multi: 0.6805
Epoch 66/80
400/400 - 54s - loss: 0.2477 - dice_multi: 0.6860
Epoch 67/80
400/400 - 54s - loss: 0.2468 - dice_multi: 0.6796
Epoch 68/80
400/400 - 54s - loss: 0.2553 - dice_multi: 0.6775
Epoch 69/80
400/400 - 53s - loss: 0.2494 - dice_multi: 0.6777
Epoch 70/80
400/400 - 55s - loss: 0.2446 - dice_multi: 0.6755
Epoch 71/80
400/400 - 56s - loss: 0.2458 - dice_multi: 0.6756
Epoch 72/80
400/400 - 55s - loss: 0.2409 - dice_multi: 0.6834
Epoch 73/80
400/400 - 55s - loss: 0.2335 - dice_multi: 0.6811
Epoch 74/80
400/400 - 55s - loss: 0.2489 - dice_multi: 0.6820
Epoch 75/80
400/400 - 55s - loss: 0.2348 - dice_multi: 0.6774
Epoch 76/80
400/400 - 54s - loss: 0.2413 - dice_multi: 0.6794
Epoch 77/80
400/400 - 55s - loss: 0.2466 - dice_multi: 0.6904
Epoch 78/80
400/400 - 55s - loss: 0.2327 - dice_multi: 0.6913
Epoch 79/80
400/400 - 53s - loss: 0.2416 - dice_multi: 0.6941
Epoch 80/80
400/400 - 55s - loss: 0.2359 - dice_multi: 0.6969
taining time:4344.713346719742
execution time:21.43509538968404
[0.98714596 0.869855   0.75387484 0.86388963 0.78553957 0.5764856
 0.64369357]
