[33mWARNING:[0m NVIDIA binaries may not be bound with --writable
2021-09-30 15:22:47.334655: I tensorflow/stream_executor/platform/default/dso_loader.cc:53] Successfully opened dynamic library libcudart.so.11.0
..data size:(41, 256, 128, 256)
..loading data finished Thu Sep 30 15:23:15 2021
2021-09-30 15:23:15.470790: I tensorflow/stream_executor/platform/default/dso_loader.cc:53] Successfully opened dynamic library libcuda.so.1
2021-09-30 15:23:15.516554: I tensorflow/core/common_runtime/gpu/gpu_device.cc:1734] Found device 0 with properties: 
pciBusID: 0000:3b:00.0 name: A100-PCIE-40GB computeCapability: 8.0
coreClock: 1.41GHz coreCount: 108 deviceMemorySize: 39.59GiB deviceMemoryBandwidth: 1.41TiB/s
2021-09-30 15:23:15.516592: I tensorflow/stream_executor/platform/default/dso_loader.cc:53] Successfully opened dynamic library libcudart.so.11.0
2021-09-30 15:23:15.521458: I tensorflow/stream_executor/platform/default/dso_loader.cc:53] Successfully opened dynamic library libcublas.so.11
2021-09-30 15:23:15.521527: I tensorflow/stream_executor/platform/default/dso_loader.cc:53] Successfully opened dynamic library libcublasLt.so.11
2021-09-30 15:23:15.524134: I tensorflow/stream_executor/platform/default/dso_loader.cc:53] Successfully opened dynamic library libcufft.so.10
2021-09-30 15:23:15.524707: I tensorflow/stream_executor/platform/default/dso_loader.cc:53] Successfully opened dynamic library libcurand.so.10
2021-09-30 15:23:15.525482: I tensorflow/stream_executor/platform/default/dso_loader.cc:53] Successfully opened dynamic library libcusolver.so.11
2021-09-30 15:23:15.526531: I tensorflow/stream_executor/platform/default/dso_loader.cc:53] Successfully opened dynamic library libcusparse.so.11
2021-09-30 15:23:15.526976: I tensorflow/stream_executor/platform/default/dso_loader.cc:53] Successfully opened dynamic library libcudnn.so.8
2021-09-30 15:23:15.530770: I tensorflow/core/common_runtime/gpu/gpu_device.cc:1872] Adding visible gpu devices: 0
2021-09-30 15:23:15.535689: I tensorflow/core/common_runtime/gpu/gpu_device.cc:1734] Found device 0 with properties: 
pciBusID: 0000:3b:00.0 name: A100-PCIE-40GB computeCapability: 8.0
coreClock: 1.41GHz coreCount: 108 deviceMemorySize: 39.59GiB deviceMemoryBandwidth: 1.41TiB/s
2021-09-30 15:23:15.539509: I tensorflow/core/common_runtime/gpu/gpu_device.cc:1872] Adding visible gpu devices: 0
2021-09-30 15:23:15.539549: I tensorflow/stream_executor/platform/default/dso_loader.cc:53] Successfully opened dynamic library libcudart.so.11.0
2021-09-30 15:23:16.032638: I tensorflow/core/common_runtime/gpu/gpu_device.cc:1258] Device interconnect StreamExecutor with strength 1 edge matrix:
2021-09-30 15:23:16.032701: I tensorflow/core/common_runtime/gpu/gpu_device.cc:1264]      0 
2021-09-30 15:23:16.032756: I tensorflow/core/common_runtime/gpu/gpu_device.cc:1277] 0:   N 
2021-09-30 15:23:16.038385: I tensorflow/core/common_runtime/gpu/gpu_device.cc:1418] Created TensorFlow device (/job:localhost/replica:0/task:0/device:GPU:0 with 38184 MB memory) -> physical GPU (device: 0, name: A100-PCIE-40GB, pci bus id: 0000:3b:00.0, compute capability: 8.0)
2021-09-30 15:23:23.701367: I tensorflow/stream_executor/platform/default/dso_loader.cc:53] Successfully opened dynamic library libcudnn.so.8
2021-09-30 15:23:24.509522: I tensorflow/stream_executor/cuda/cuda_dnn.cc:380] Loaded cuDNN version 8202
2021-09-30 15:23:25.477952: I tensorflow/stream_executor/platform/default/dso_loader.cc:53] Successfully opened dynamic library libcublas.so.11
2021-09-30 15:23:26.238995: I tensorflow/stream_executor/platform/default/dso_loader.cc:53] Successfully opened dynamic library libcublasLt.so.11
2021-09-30 15:23:30.019224: I tensorflow/stream_executor/cuda/cuda_blas.cc:1839] TensorFloat-32 will be used for the matrix multiplication. This will only be logged once.
---------fold--1---------
training set:  [10 11 12 13 14 15 16 17 18 19 20 21 22 23 24 25 26 27 28 29 30 31 32 33
 34 35 36 37 38 39]
training set size:  30
testing set:  [0 1 2 3 4 5 6 7 8 9]
testing set size:  10
executation time:84.24635782241822
---------fold--2---------
training set:  [ 0  1  2  3  4  5  6  7  8  9 20 21 22 23 24 25 26 27 28 29 30 31 32 33
 34 35 36 37 38 39]
training set size:  30
testing set:  [10 11 12 13 14 15 16 17 18 19]
testing set size:  10
executation time:83.34463119506836
---------fold--3---------
training set:  [ 0  1  2  3  4  5  6  7  8  9 10 11 12 13 14 15 16 17 18 19 30 31 32 33
 34 35 36 37 38 39]
training set size:  30
testing set:  [20 21 22 23 24 25 26 27 28 29]
testing set size:  10
executation time:83.7344757080078
---------fold--4---------
training set:  [ 0  1  2  3  4  5  6  7  8  9 10 11 12 13 14 15 16 17 18 19 20 21 22 23
 24 25 26 27 28 29]
training set size:  30
testing set:  [30 31 32 33 34 35 36 37 38 39 40]
testing set size:  11
executation time:83.22456275333057
[array([0.9970762 , 0.97961456, 0.8717205 , 0.8307058 , 0.8179321 ,
       0.9462827 , 0.92529815], dtype=float32), array([0.98853654, 0.92244214, 0.59144586, 0.8896414 , 0.5878362 ,
       0.71719265, 0.8293143 ], dtype=float32), array([0.93394744, 0.92539   , 0.54486924, 0.81034255, 0.6313652 ,
       0.85085785, 0.8626331 ], dtype=float32), array([0.9942856 , 0.9620979 , 0.75172615, 0.83201545, 0.78643626,
       0.91105133, 0.82088286], dtype=float32), array([0.9845895 , 0.96384186, 0.48723832, 0.85239553, 0.6090477 ,
       0.7731917 , 0.870636  ], dtype=float32), array([0.99449253, 0.94275117, 0.88884926, 0.93917793, 0.8957539 ,
       0.9474079 , 0.9481324 ], dtype=float32), array([0.99584913, 0.9631742 , 0.88372743, 0.90996647, 0.88750714,
       0.91636795, 0.9117684 ], dtype=float32), array([0.9940052 , 0.8712723 , 0.69704145, 0.94163823, 0.86697614,
       0.7243574 , 0.89444184], dtype=float32), array([0.9957739 , 0.9164464 , 0.8943846 , 0.9658008 , 0.89713854,
       0.93402874, 0.9460087 ], dtype=float32), array([0.9930204 , 0.8501585 , 0.6752663 , 0.9456487 , 0.86417437,
       0.6461511 , 0.8639237 ], dtype=float32), array([0.99771374, 0.85490614, 0.8725974 , 0.73429656, 0.6616762 ,
       0.89821285, 0.91433954], dtype=float32), array([0.9902693 , 0.8778901 , 0.91763854, 0.9274929 , 0.9031806 ,
       0.93022174, 0.9288323 ], dtype=float32), array([0.9966462 , 0.95761025, 0.913473  , 0.90861297, 0.89250267,
       0.9257072 , 0.93856627], dtype=float32), array([0.9922584 , 0.94232637, 0.7447191 , 0.8994617 , 0.8601374 ,
       0.89422816, 0.9221743 ], dtype=float32), array([0.9931724 , 0.951751  , 0.8791439 , 0.96422577, 0.90529877,
       0.92027295, 0.9322335 ], dtype=float32), array([0.99708563, 0.8189922 , 0.88962   , 0.93957114, 0.8829002 ,
       0.9016158 , 0.8418419 ], dtype=float32), array([0.997074  , 0.8940382 , 0.9077104 , 0.9470251 , 0.912761  ,
       0.958512  , 0.91340137], dtype=float32), array([0.99451697, 0.94061255, 0.9223344 , 0.9534478 , 0.9023872 ,
       0.92901164, 0.923984  ], dtype=float32), array([0.9957956 , 0.96225184, 0.8865092 , 0.9396742 , 0.9080803 ,
       0.9343828 , 0.91258484], dtype=float32), array([0.9916749, 0.9780362, 0.7015156, 0.8477626, 0.811216 , 0.9065667,
       0.8563161], dtype=float32), array([0.9931885 , 0.9705554 , 0.87215215, 0.9598575 , 0.8977413 ,
       0.9473475 , 0.90627307], dtype=float32), array([0.99098873, 0.9631518 , 0.876492  , 0.95354533, 0.9037675 ,
       0.9197187 , 0.8700856 ], dtype=float32), array([0.9910638 , 0.9767473 , 0.8864533 , 0.9163658 , 0.878052  ,
       0.8997701 , 0.85929346], dtype=float32), array([0.9970243 , 0.9823187 , 0.81728387, 0.92794263, 0.89134735,
       0.9440057 , 0.8355524 ], dtype=float32), array([0.9922564 , 0.9698071 , 0.8568062 , 0.95471615, 0.88717055,
       0.91134626, 0.9170661 ], dtype=float32), array([0.9936453 , 0.96917474, 0.8833817 , 0.94775736, 0.89577574,
       0.93898183, 0.9222068 ], dtype=float32), array([0.99044013, 0.93761945, 0.90543395, 0.91990674, 0.8794308 ,
       0.9312528 , 0.93025154], dtype=float32), array([0.9895282 , 0.9668296 , 0.88205135, 0.9291928 , 0.87950623,
       0.88311464, 0.9218821 ], dtype=float32), array([0.9862619 , 0.966948  , 0.8677143 , 0.9079472 , 0.8727293 ,
       0.74595   , 0.90233105], dtype=float32), array([0.98995024, 0.9769773 , 0.8546622 , 0.80406415, 0.83690864,
       0.4900644 , 0.58065504], dtype=float32), array([0.99816245, 0.95807916, 0.9064777 , 0.8827396 , 0.85497886,
       0.83861   , 0.91797274], dtype=float32), array([0.9949871 , 0.972888  , 0.80205977, 0.8199771 , 0.84911925,
       0.84005886, 0.92409706], dtype=float32), array([0.99694866, 0.9756315 , 0.887428  , 0.89186645, 0.8719937 ,
       0.9471253 , 0.90308267], dtype=float32), array([0.99754304, 0.94085443, 0.8446329 , 0.9292024 , 0.89397174,
       0.9034255 , 0.9306775 ], dtype=float32), array([0.9979677 , 0.8482613 , 0.87463677, 0.82526773, 0.7571096 ,
       0.9016361 , 0.91451293], dtype=float32), array([0.9946799 , 0.94227654, 0.651582  , 0.876187  , 0.7580447 ,
       0.91368943, 0.8820997 ], dtype=float32), array([0.9963759 , 0.96494436, 0.856595  , 0.9177368 , 0.89360785,
       0.94501704, 0.92937285], dtype=float32), array([0.9977043 , 0.94962096, 0.89396214, 0.9307235 , 0.89849126,
       0.89504623, 0.9281743 ], dtype=float32), array([0.9938548 , 0.97224927, 0.68949825, 0.89164937, 0.8617448 ,
       0.9219806 , 0.8824819 ], dtype=float32), array([0.9950522 , 0.98008955, 0.67669225, 0.82601404, 0.7273706 ,
       0.942657  , 0.8889244 ], dtype=float32), array([0.99784654, 0.9504263 , 0.9176405 , 0.9307589 , 0.9095702 ,
       0.9486237 , 0.9100543 ], dtype=float32)]
[0.99251825 0.941733   0.82012594 0.9005446  0.8434815  0.8823182
 0.8930331 ]
