U-Net cross-validation
[33mWARNING:[0m NVIDIA binaries may not be bound with --writable
2021-09-17 09:52:21.961369: I tensorflow/stream_executor/platform/default/dso_loader.cc:53] Successfully opened dynamic library libcudart.so.11.0
..data size:(41, 256, 128, 256)
..loading data finished Fri Sep 17 09:52:47 2021
2021-09-17 09:52:47.944718: I tensorflow/stream_executor/platform/default/dso_loader.cc:53] Successfully opened dynamic library libcuda.so.1
2021-09-17 09:52:48.002466: I tensorflow/core/common_runtime/gpu/gpu_device.cc:1734] Found device 0 with properties: 
pciBusID: 0000:3b:00.0 name: A100-PCIE-40GB computeCapability: 8.0
coreClock: 1.41GHz coreCount: 108 deviceMemorySize: 39.59GiB deviceMemoryBandwidth: 1.41TiB/s
2021-09-17 09:52:48.002512: I tensorflow/stream_executor/platform/default/dso_loader.cc:53] Successfully opened dynamic library libcudart.so.11.0
2021-09-17 09:52:48.009398: I tensorflow/stream_executor/platform/default/dso_loader.cc:53] Successfully opened dynamic library libcublas.so.11
2021-09-17 09:52:48.009474: I tensorflow/stream_executor/platform/default/dso_loader.cc:53] Successfully opened dynamic library libcublasLt.so.11
2021-09-17 09:52:48.012188: I tensorflow/stream_executor/platform/default/dso_loader.cc:53] Successfully opened dynamic library libcufft.so.10
2021-09-17 09:52:48.013485: I tensorflow/stream_executor/platform/default/dso_loader.cc:53] Successfully opened dynamic library libcurand.so.10
2021-09-17 09:52:48.015768: I tensorflow/stream_executor/platform/default/dso_loader.cc:53] Successfully opened dynamic library libcusolver.so.11
2021-09-17 09:52:48.018890: I tensorflow/stream_executor/platform/default/dso_loader.cc:53] Successfully opened dynamic library libcusparse.so.11
2021-09-17 09:52:48.019780: I tensorflow/stream_executor/platform/default/dso_loader.cc:53] Successfully opened dynamic library libcudnn.so.8
2021-09-17 09:52:48.029071: I tensorflow/core/common_runtime/gpu/gpu_device.cc:1872] Adding visible gpu devices: 0
2021-09-17 09:52:48.035473: I tensorflow/core/common_runtime/gpu/gpu_device.cc:1734] Found device 0 with properties: 
pciBusID: 0000:3b:00.0 name: A100-PCIE-40GB computeCapability: 8.0
coreClock: 1.41GHz coreCount: 108 deviceMemorySize: 39.59GiB deviceMemoryBandwidth: 1.41TiB/s
2021-09-17 09:52:48.039270: I tensorflow/core/common_runtime/gpu/gpu_device.cc:1872] Adding visible gpu devices: 0
2021-09-17 09:52:48.039306: I tensorflow/stream_executor/platform/default/dso_loader.cc:53] Successfully opened dynamic library libcudart.so.11.0
2021-09-17 09:52:48.523568: I tensorflow/core/common_runtime/gpu/gpu_device.cc:1258] Device interconnect StreamExecutor with strength 1 edge matrix:
2021-09-17 09:52:48.523624: I tensorflow/core/common_runtime/gpu/gpu_device.cc:1264]      0 
2021-09-17 09:52:48.523667: I tensorflow/core/common_runtime/gpu/gpu_device.cc:1277] 0:   N 
2021-09-17 09:52:48.529526: I tensorflow/core/common_runtime/gpu/gpu_device.cc:1418] Created TensorFlow device (/job:localhost/replica:0/task:0/device:GPU:0 with 38184 MB memory) -> physical GPU (device: 0, name: A100-PCIE-40GB, pci bus id: 0000:3b:00.0, compute capability: 8.0)
---------fold--1---------
training set:  [10 11 12 13 14 15 16 17 18 19 20 21 22 23 24 25 26 27 28 29 30 31 32 33
 34 35 36 37 38 39]
training set size:  30
testing set:  [0 1 2 3 4 5 6 7 8 9]
testing set size:  10
..generator_len: 400
..training_n_subject: 30
..training_n_patch_per_sub: 2421185
2021-09-17 09:52:51.424322: I tensorflow/compiler/mlir/mlir_graph_optimization_pass.cc:176] None of the MLIR Optimization Passes are enabled (registered 2)
2021-09-17 09:52:51.424931: I tensorflow/core/platform/profile_utils/cpu_utils.cc:114] CPU Frequency: 2100000000 Hz
2021-09-17 09:52:53.866511: I tensorflow/stream_executor/platform/default/dso_loader.cc:53] Successfully opened dynamic library libcudnn.so.8
2021-09-17 09:52:54.883455: I tensorflow/stream_executor/cuda/cuda_dnn.cc:380] Loaded cuDNN version 8202
2021-09-17 09:52:55.866067: I tensorflow/stream_executor/platform/default/dso_loader.cc:53] Successfully opened dynamic library libcublas.so.11
2021-09-17 09:52:56.618740: I tensorflow/stream_executor/platform/default/dso_loader.cc:53] Successfully opened dynamic library libcublasLt.so.11
Epoch 1/100
400/400 - 131s - loss: 0.6584 - dice_multi: 0.3848
Epoch 2/100
400/400 - 99s - loss: 0.5127 - dice_multi: 0.4571
Epoch 3/100
400/400 - 98s - loss: 0.4268 - dice_multi: 0.5116
Epoch 4/100
400/400 - 99s - loss: 0.3758 - dice_multi: 0.5722
Epoch 5/100
400/400 - 98s - loss: 0.3301 - dice_multi: 0.6201
Epoch 6/100
400/400 - 98s - loss: 0.2863 - dice_multi: 0.6529
Epoch 7/100
400/400 - 98s - loss: 0.2382 - dice_multi: 0.7020
Epoch 8/100
400/400 - 98s - loss: 0.2289 - dice_multi: 0.7236
Epoch 9/100
400/400 - 98s - loss: 0.2050 - dice_multi: 0.7411
Epoch 10/100
400/400 - 98s - loss: 0.1812 - dice_multi: 0.7620
Epoch 11/100
400/400 - 98s - loss: 0.1684 - dice_multi: 0.7891
Epoch 12/100
400/400 - 99s - loss: 0.1584 - dice_multi: 0.7807
Epoch 13/100
400/400 - 98s - loss: 0.1515 - dice_multi: 0.7949
Epoch 14/100
400/400 - 98s - loss: 0.1467 - dice_multi: 0.8098
Epoch 15/100
400/400 - 98s - loss: 0.1457 - dice_multi: 0.8042
Epoch 16/100
400/400 - 98s - loss: 0.1362 - dice_multi: 0.8127
Epoch 17/100
400/400 - 98s - loss: 0.1435 - dice_multi: 0.8117
Epoch 18/100
400/400 - 98s - loss: 0.1302 - dice_multi: 0.8263
Epoch 19/100
400/400 - 98s - loss: 0.1208 - dice_multi: 0.8334
Epoch 20/100
400/400 - 98s - loss: 0.1236 - dice_multi: 0.8237
Epoch 21/100
400/400 - 98s - loss: 0.1487 - dice_multi: 0.8060
Epoch 22/100
400/400 - 98s - loss: 0.1178 - dice_multi: 0.8413
Epoch 23/100
400/400 - 98s - loss: 0.1146 - dice_multi: 0.8360
Epoch 24/100
400/400 - 98s - loss: 0.1180 - dice_multi: 0.8380
Epoch 25/100
400/400 - 98s - loss: 0.1144 - dice_multi: 0.8455
Epoch 26/100
400/400 - 98s - loss: 0.1085 - dice_multi: 0.8416
Epoch 27/100
400/400 - 98s - loss: 0.1162 - dice_multi: 0.8374
Epoch 28/100
400/400 - 98s - loss: 0.1474 - dice_multi: 0.8161
Epoch 29/100
400/400 - 98s - loss: 0.1125 - dice_multi: 0.8461
Epoch 30/100
400/400 - 98s - loss: 0.1077 - dice_multi: 0.8545
Epoch 31/100
400/400 - 98s - loss: 0.1078 - dice_multi: 0.8510
Epoch 32/100
400/400 - 98s - loss: 0.1034 - dice_multi: 0.8517
Epoch 33/100
400/400 - 98s - loss: 0.1068 - dice_multi: 0.8594
Epoch 34/100
400/400 - 98s - loss: 0.1260 - dice_multi: 0.8219
Epoch 35/100
400/400 - 98s - loss: 0.1043 - dice_multi: 0.8539
Epoch 36/100
400/400 - 98s - loss: 0.1054 - dice_multi: 0.8542
Epoch 37/100
400/400 - 98s - loss: 0.1006 - dice_multi: 0.8517
Epoch 38/100
400/400 - 97s - loss: 0.1124 - dice_multi: 0.8423
Epoch 39/100
400/400 - 97s - loss: 0.1119 - dice_multi: 0.8453
Epoch 40/100
400/400 - 97s - loss: 0.1003 - dice_multi: 0.8591
Epoch 41/100
400/400 - 97s - loss: 0.0993 - dice_multi: 0.8601
Epoch 42/100
400/400 - 97s - loss: 0.0987 - dice_multi: 0.8640
Epoch 43/100
400/400 - 97s - loss: 0.0970 - dice_multi: 0.8585
Epoch 44/100
400/400 - 97s - loss: 0.0972 - dice_multi: 0.8579
Epoch 45/100
400/400 - 97s - loss: 0.0979 - dice_multi: 0.8656
Epoch 46/100
400/400 - 97s - loss: 0.0984 - dice_multi: 0.8616
Epoch 47/100
400/400 - 97s - loss: 0.0934 - dice_multi: 0.8597
Epoch 48/100
400/400 - 97s - loss: 0.0961 - dice_multi: 0.8650
Epoch 49/100
400/400 - 97s - loss: 0.1212 - dice_multi: 0.8447
Epoch 50/100
400/400 - 98s - loss: 0.0975 - dice_multi: 0.8637
Epoch 51/100
400/400 - 98s - loss: 0.0949 - dice_multi: 0.8663
Epoch 52/100
400/400 - 97s - loss: 0.0926 - dice_multi: 0.8722
Epoch 53/100
400/400 - 97s - loss: 0.0933 - dice_multi: 0.8704
Epoch 54/100
400/400 - 97s - loss: 0.0934 - dice_multi: 0.8683
Epoch 55/100
400/400 - 97s - loss: 0.0928 - dice_multi: 0.8715
Epoch 56/100
400/400 - 97s - loss: 0.0909 - dice_multi: 0.8716
Epoch 57/100
400/400 - 98s - loss: 0.0904 - dice_multi: 0.8683
Epoch 58/100
400/400 - 97s - loss: 0.0910 - dice_multi: 0.8687
Epoch 59/100
400/400 - 98s - loss: 0.1073 - dice_multi: 0.8462
Epoch 60/100
400/400 - 98s - loss: 0.0911 - dice_multi: 0.8740
Epoch 61/100
400/400 - 97s - loss: 0.0887 - dice_multi: 0.8708
Epoch 62/100
400/400 - 98s - loss: 0.0898 - dice_multi: 0.8726
Epoch 63/100
400/400 - 97s - loss: 0.0877 - dice_multi: 0.8723
Epoch 64/100
400/400 - 98s - loss: 0.0871 - dice_multi: 0.8784
Epoch 65/100
400/400 - 98s - loss: 0.0873 - dice_multi: 0.8741
Epoch 66/100
400/400 - 98s - loss: 0.0907 - dice_multi: 0.8618
Epoch 67/100
400/400 - 98s - loss: 0.0858 - dice_multi: 0.8766
Epoch 68/100
400/400 - 97s - loss: 0.0863 - dice_multi: 0.8801
Epoch 69/100
400/400 - 98s - loss: 0.0876 - dice_multi: 0.8724
Epoch 70/100
400/400 - 97s - loss: 0.0858 - dice_multi: 0.8750
Epoch 71/100
400/400 - 98s - loss: 0.0853 - dice_multi: 0.8763
Epoch 72/100
400/400 - 98s - loss: 0.0849 - dice_multi: 0.8821
Epoch 73/100
400/400 - 98s - loss: 0.0863 - dice_multi: 0.8748
Epoch 74/100
400/400 - 98s - loss: 0.0826 - dice_multi: 0.8717
Epoch 75/100
400/400 - 98s - loss: 0.0913 - dice_multi: 0.8595
Epoch 76/100
400/400 - 97s - loss: 0.0833 - dice_multi: 0.8790
Epoch 77/100
400/400 - 98s - loss: 0.0844 - dice_multi: 0.8807
Epoch 78/100
400/400 - 97s - loss: 0.0807 - dice_multi: 0.8805
Epoch 79/100
400/400 - 98s - loss: 0.0835 - dice_multi: 0.8837
Epoch 80/100
400/400 - 97s - loss: 0.0844 - dice_multi: 0.8836
Epoch 81/100
400/400 - 98s - loss: 0.0799 - dice_multi: 0.8795
Epoch 82/100
400/400 - 97s - loss: 0.0801 - dice_multi: 0.8810
Epoch 83/100
400/400 - 97s - loss: 0.0833 - dice_multi: 0.8786
Epoch 84/100
400/400 - 98s - loss: 0.0799 - dice_multi: 0.8818
Epoch 85/100
400/400 - 98s - loss: 0.0818 - dice_multi: 0.8824
Epoch 86/100
400/400 - 98s - loss: 0.0782 - dice_multi: 0.8794
Epoch 87/100
400/400 - 98s - loss: 0.0803 - dice_multi: 0.8857
Epoch 88/100
400/400 - 98s - loss: 0.0806 - dice_multi: 0.8833
Epoch 89/100
400/400 - 98s - loss: 0.0817 - dice_multi: 0.8814
Epoch 90/100
400/400 - 98s - loss: 0.0803 - dice_multi: 0.8835
Epoch 91/100
400/400 - 98s - loss: 0.0785 - dice_multi: 0.8752
Epoch 92/100
400/400 - 98s - loss: 0.0808 - dice_multi: 0.8826
Epoch 93/100
400/400 - 98s - loss: 0.0782 - dice_multi: 0.8846
Epoch 94/100
400/400 - 98s - loss: 0.0791 - dice_multi: 0.8858
Epoch 95/100
400/400 - 98s - loss: 0.0759 - dice_multi: 0.8807
Epoch 96/100
400/400 - 98s - loss: 0.0785 - dice_multi: 0.8810
Epoch 97/100
400/400 - 98s - loss: 0.0774 - dice_multi: 0.8857
Epoch 98/100
400/400 - 98s - loss: 0.0773 - dice_multi: 0.8846
Epoch 99/100
400/400 - 97s - loss: 0.0753 - dice_multi: 0.8883
Epoch 100/100
400/400 - 98s - loss: 0.0766 - dice_multi: 0.8870
2021-09-17 12:36:30.415111: I tensorflow/stream_executor/cuda/cuda_blas.cc:1839] TensorFloat-32 will be used for the matrix multiplication. This will only be logged once.
training time: 9813.789818048477
executation time:22.833795690536498
---------fold--2---------
training set:  [ 0  1  2  3  4  5  6  7  8  9 20 21 22 23 24 25 26 27 28 29 30 31 32 33
 34 35 36 37 38 39]
training set size:  30
testing set:  [10 11 12 13 14 15 16 17 18 19]
testing set size:  10
..generator_len: 400
..training_n_subject: 30
..training_n_patch_per_sub: 2421185
Epoch 1/100
400/400 - 100s - loss: 0.6868 - dice_multi: 0.3612
Epoch 2/100
400/400 - 98s - loss: 0.5433 - dice_multi: 0.4246
Epoch 3/100
400/400 - 98s - loss: 0.4852 - dice_multi: 0.4630
Epoch 4/100
400/400 - 97s - loss: 0.4260 - dice_multi: 0.5086
Epoch 5/100
400/400 - 97s - loss: 0.3926 - dice_multi: 0.5412
Epoch 6/100
400/400 - 97s - loss: 0.3386 - dice_multi: 0.5809
Epoch 7/100
400/400 - 98s - loss: 0.3089 - dice_multi: 0.6173
Epoch 8/100
400/400 - 98s - loss: 0.2733 - dice_multi: 0.6555
Epoch 9/100
400/400 - 98s - loss: 0.2474 - dice_multi: 0.6897
Epoch 10/100
400/400 - 98s - loss: 0.2280 - dice_multi: 0.7070
Epoch 11/100
400/400 - 98s - loss: 0.2058 - dice_multi: 0.7362
Epoch 12/100
400/400 - 98s - loss: 0.2037 - dice_multi: 0.7397
Epoch 13/100
400/400 - 98s - loss: 0.1748 - dice_multi: 0.7610
Epoch 14/100
400/400 - 98s - loss: 0.1829 - dice_multi: 0.7540
Epoch 15/100
400/400 - 98s - loss: 0.1732 - dice_multi: 0.7655
Epoch 16/100
400/400 - 97s - loss: 0.1611 - dice_multi: 0.7826
Epoch 17/100
400/400 - 98s - loss: 0.1683 - dice_multi: 0.7689
Epoch 18/100
400/400 - 97s - loss: 0.1549 - dice_multi: 0.7818
Epoch 19/100
400/400 - 97s - loss: 0.1511 - dice_multi: 0.7905
Epoch 20/100
400/400 - 98s - loss: 0.1459 - dice_multi: 0.7996
Epoch 21/100
400/400 - 98s - loss: 0.1507 - dice_multi: 0.7887
Epoch 22/100
400/400 - 98s - loss: 0.1434 - dice_multi: 0.8024
Epoch 23/100
400/400 - 97s - loss: 0.1277 - dice_multi: 0.8157
Epoch 24/100
400/400 - 97s - loss: 0.1382 - dice_multi: 0.8104
Epoch 25/100
400/400 - 97s - loss: 0.1363 - dice_multi: 0.8130
Epoch 26/100
400/400 - 98s - loss: 0.1271 - dice_multi: 0.8261
Epoch 27/100
400/400 - 98s - loss: 0.1268 - dice_multi: 0.8192
Epoch 28/100
400/400 - 98s - loss: 0.1218 - dice_multi: 0.8278
Epoch 29/100
400/400 - 97s - loss: 0.1302 - dice_multi: 0.8194
Epoch 30/100
400/400 - 98s - loss: 0.1232 - dice_multi: 0.8256
Epoch 31/100
400/400 - 97s - loss: 0.1147 - dice_multi: 0.8323
Epoch 32/100
400/400 - 97s - loss: 0.1169 - dice_multi: 0.8355
Epoch 33/100
400/400 - 97s - loss: 0.1461 - dice_multi: 0.7996
Epoch 34/100
400/400 - 97s - loss: 0.1233 - dice_multi: 0.8273
Epoch 35/100
400/400 - 97s - loss: 0.1120 - dice_multi: 0.8322
Epoch 36/100
400/400 - 97s - loss: 0.1104 - dice_multi: 0.8358
Epoch 37/100
400/400 - 97s - loss: 0.1108 - dice_multi: 0.8409
Epoch 38/100
400/400 - 97s - loss: 0.1085 - dice_multi: 0.8397
Epoch 39/100
400/400 - 97s - loss: 0.1168 - dice_multi: 0.8346
Epoch 40/100
400/400 - 98s - loss: 0.1212 - dice_multi: 0.8307
Epoch 41/100
400/400 - 97s - loss: 0.1083 - dice_multi: 0.8415
Epoch 42/100
400/400 - 97s - loss: 0.1113 - dice_multi: 0.8350
Epoch 43/100
400/400 - 97s - loss: 0.1077 - dice_multi: 0.8431
Epoch 44/100
400/400 - 97s - loss: 0.1046 - dice_multi: 0.8507
Epoch 45/100
400/400 - 97s - loss: 0.1060 - dice_multi: 0.8510
Epoch 46/100
400/400 - 97s - loss: 0.1526 - dice_multi: 0.8070
Epoch 47/100
400/400 - 97s - loss: 0.1073 - dice_multi: 0.8436
Epoch 48/100
400/400 - 97s - loss: 0.1021 - dice_multi: 0.8473
Epoch 49/100
400/400 - 97s - loss: 0.1025 - dice_multi: 0.8465
Epoch 50/100
400/400 - 97s - loss: 0.1055 - dice_multi: 0.8500
Epoch 51/100
400/400 - 97s - loss: 0.1020 - dice_multi: 0.8487
Epoch 52/100
400/400 - 97s - loss: 0.1001 - dice_multi: 0.8548
Epoch 53/100
400/400 - 97s - loss: 0.1013 - dice_multi: 0.8430
Epoch 54/100
400/400 - 98s - loss: 0.1012 - dice_multi: 0.8548
Epoch 55/100
400/400 - 98s - loss: 0.1017 - dice_multi: 0.8492
Epoch 56/100
400/400 - 98s - loss: 0.0986 - dice_multi: 0.8579
Epoch 57/100
400/400 - 98s - loss: 0.1022 - dice_multi: 0.8508
Epoch 58/100
400/400 - 98s - loss: 0.1016 - dice_multi: 0.8462
Epoch 59/100
400/400 - 97s - loss: 0.0963 - dice_multi: 0.8550
Epoch 60/100
400/400 - 97s - loss: 0.0942 - dice_multi: 0.8530
Epoch 61/100
400/400 - 97s - loss: 0.0971 - dice_multi: 0.8602
Epoch 62/100
400/400 - 97s - loss: 0.0963 - dice_multi: 0.8591
Epoch 63/100
400/400 - 97s - loss: 0.0952 - dice_multi: 0.8544
Epoch 64/100
400/400 - 97s - loss: 0.0926 - dice_multi: 0.8534
Epoch 65/100
400/400 - 97s - loss: 0.0947 - dice_multi: 0.8535
Epoch 66/100
400/400 - 97s - loss: 0.0933 - dice_multi: 0.8532
Epoch 67/100
400/400 - 97s - loss: 0.0909 - dice_multi: 0.8576
Epoch 68/100
400/400 - 97s - loss: 0.0950 - dice_multi: 0.8606
Epoch 69/100
400/400 - 97s - loss: 0.0939 - dice_multi: 0.8626
Epoch 70/100
400/400 - 97s - loss: 0.0961 - dice_multi: 0.8581
Epoch 71/100
400/400 - 97s - loss: 0.1097 - dice_multi: 0.8430
Epoch 72/100
400/400 - 97s - loss: 0.0938 - dice_multi: 0.8648
Epoch 73/100
400/400 - 97s - loss: 0.0950 - dice_multi: 0.8568
Epoch 74/100
400/400 - 97s - loss: 0.0936 - dice_multi: 0.8665
Epoch 75/100
400/400 - 97s - loss: 0.0878 - dice_multi: 0.8647
Epoch 76/100
400/400 - 97s - loss: 0.0896 - dice_multi: 0.8662
Epoch 77/100
400/400 - 97s - loss: 0.0871 - dice_multi: 0.8672
Epoch 78/100
400/400 - 97s - loss: 0.0896 - dice_multi: 0.8669
Epoch 79/100
400/400 - 98s - loss: 0.0902 - dice_multi: 0.8683
Epoch 80/100
400/400 - 98s - loss: 0.0875 - dice_multi: 0.8611
Epoch 81/100
400/400 - 98s - loss: 0.0852 - dice_multi: 0.8709
Epoch 82/100
400/400 - 98s - loss: 0.0871 - dice_multi: 0.8652
Epoch 83/100
400/400 - 97s - loss: 0.0874 - dice_multi: 0.8637
Epoch 84/100
400/400 - 97s - loss: 0.0887 - dice_multi: 0.8597
Epoch 85/100
400/400 - 97s - loss: 0.0855 - dice_multi: 0.8655
Epoch 86/100
400/400 - 98s - loss: 0.0996 - dice_multi: 0.8555
Epoch 87/100
400/400 - 97s - loss: 0.0904 - dice_multi: 0.8606
Epoch 88/100
400/400 - 97s - loss: 0.0863 - dice_multi: 0.8722
Epoch 89/100
400/400 - 97s - loss: 0.0870 - dice_multi: 0.8728
Epoch 90/100
400/400 - 97s - loss: 0.0857 - dice_multi: 0.8731
Epoch 91/100
400/400 - 97s - loss: 0.0839 - dice_multi: 0.8695
Epoch 92/100
400/400 - 98s - loss: 0.0854 - dice_multi: 0.8728
Epoch 93/100
400/400 - 97s - loss: 0.0879 - dice_multi: 0.8647
Epoch 94/100
400/400 - 97s - loss: 0.0838 - dice_multi: 0.8700
Epoch 95/100
400/400 - 97s - loss: 0.0833 - dice_multi: 0.8622
Epoch 96/100
400/400 - 97s - loss: 0.0836 - dice_multi: 0.8687
Epoch 97/100
400/400 - 98s - loss: 0.0815 - dice_multi: 0.8691
Epoch 98/100
400/400 - 97s - loss: 0.0947 - dice_multi: 0.8652
Epoch 99/100
400/400 - 97s - loss: 0.0842 - dice_multi: 0.8682
Epoch 100/100
400/400 - 97s - loss: 0.0828 - dice_multi: 0.8745
training time: 9756.302590608597
executation time:22.81295511722565
---------fold--3---------
training set:  [ 0  1  2  3  4  5  6  7  8  9 10 11 12 13 14 15 16 17 18 19 30 31 32 33
 34 35 36 37 38 39]
training set size:  30
testing set:  [20 21 22 23 24 25 26 27 28 29]
testing set size:  10
..generator_len: 400
..training_n_subject: 30
..training_n_patch_per_sub: 2421185
Epoch 1/100
400/400 - 100s - loss: 0.6558 - dice_multi: 0.3547
Epoch 2/100
400/400 - 99s - loss: 0.5102 - dice_multi: 0.4114
Epoch 3/100
400/400 - 98s - loss: 0.4705 - dice_multi: 0.4438
Epoch 4/100
400/400 - 98s - loss: 0.4081 - dice_multi: 0.4923
Epoch 5/100
400/400 - 98s - loss: 0.3537 - dice_multi: 0.5442
Epoch 6/100
400/400 - 99s - loss: 0.3090 - dice_multi: 0.6008
Epoch 7/100
400/400 - 98s - loss: 0.2724 - dice_multi: 0.6408
Epoch 8/100
400/400 - 98s - loss: 0.2375 - dice_multi: 0.6851
Epoch 9/100
400/400 - 97s - loss: 0.2143 - dice_multi: 0.7030
Epoch 10/100
400/400 - 97s - loss: 0.2216 - dice_multi: 0.7148
Epoch 11/100
400/400 - 97s - loss: 0.1958 - dice_multi: 0.7258
Epoch 12/100
400/400 - 97s - loss: 0.1854 - dice_multi: 0.7471
Epoch 13/100
400/400 - 97s - loss: 0.1766 - dice_multi: 0.7546
Epoch 14/100
400/400 - 97s - loss: 0.1690 - dice_multi: 0.7524
Epoch 15/100
400/400 - 97s - loss: 0.1649 - dice_multi: 0.7760
Epoch 16/100
400/400 - 97s - loss: 0.1546 - dice_multi: 0.7776
Epoch 17/100
400/400 - 98s - loss: 0.1515 - dice_multi: 0.7799
Epoch 18/100
400/400 - 98s - loss: 0.1554 - dice_multi: 0.7800
Epoch 19/100
400/400 - 97s - loss: 0.1407 - dice_multi: 0.7944
Epoch 20/100
400/400 - 97s - loss: 0.1443 - dice_multi: 0.8031
Epoch 21/100
400/400 - 98s - loss: 0.1556 - dice_multi: 0.7844
Epoch 22/100
400/400 - 97s - loss: 0.1318 - dice_multi: 0.8050
Epoch 23/100
400/400 - 97s - loss: 0.1302 - dice_multi: 0.8083
Epoch 24/100
400/400 - 97s - loss: 0.1360 - dice_multi: 0.7968
Epoch 25/100
400/400 - 97s - loss: 0.1272 - dice_multi: 0.8179
Epoch 26/100
400/400 - 97s - loss: 0.1484 - dice_multi: 0.7921
Epoch 27/100
400/400 - 97s - loss: 0.1223 - dice_multi: 0.8163
Epoch 28/100
400/400 - 97s - loss: 0.1267 - dice_multi: 0.8183
Epoch 29/100
400/400 - 97s - loss: 0.1186 - dice_multi: 0.8228
Epoch 30/100
400/400 - 97s - loss: 0.1188 - dice_multi: 0.8246
Epoch 31/100
400/400 - 98s - loss: 0.1221 - dice_multi: 0.8219
Epoch 32/100
400/400 - 97s - loss: 0.1170 - dice_multi: 0.8283
Epoch 33/100
400/400 - 97s - loss: 0.1393 - dice_multi: 0.8022
Epoch 34/100
400/400 - 98s - loss: 0.1164 - dice_multi: 0.8219
Epoch 35/100
400/400 - 98s - loss: 0.1142 - dice_multi: 0.8270
Epoch 36/100
400/400 - 98s - loss: 0.1130 - dice_multi: 0.8229
Epoch 37/100
400/400 - 97s - loss: 0.1126 - dice_multi: 0.8281
Epoch 38/100
400/400 - 98s - loss: 0.1065 - dice_multi: 0.8305
Epoch 39/100
400/400 - 97s - loss: 0.1104 - dice_multi: 0.8407
Epoch 40/100
400/400 - 98s - loss: 0.1090 - dice_multi: 0.8324
Epoch 41/100
400/400 - 98s - loss: 0.1166 - dice_multi: 0.8238
Epoch 42/100
400/400 - 98s - loss: 0.1070 - dice_multi: 0.8312
Epoch 43/100
400/400 - 98s - loss: 0.1104 - dice_multi: 0.8333
Epoch 44/100
400/400 - 97s - loss: 0.1211 - dice_multi: 0.8265
Epoch 45/100
400/400 - 97s - loss: 0.1097 - dice_multi: 0.8400
Epoch 46/100
400/400 - 97s - loss: 0.1032 - dice_multi: 0.8444
Epoch 47/100
400/400 - 98s - loss: 0.1026 - dice_multi: 0.8384
Epoch 48/100
400/400 - 97s - loss: 0.1013 - dice_multi: 0.8365
Epoch 49/100
400/400 - 97s - loss: 0.1095 - dice_multi: 0.8323
Epoch 50/100
400/400 - 97s - loss: 0.1021 - dice_multi: 0.8414
Epoch 51/100
400/400 - 97s - loss: 0.1030 - dice_multi: 0.8468
Epoch 52/100
400/400 - 97s - loss: 0.1004 - dice_multi: 0.8446
Epoch 53/100
400/400 - 97s - loss: 0.0987 - dice_multi: 0.8511
Epoch 54/100
400/400 - 97s - loss: 0.0989 - dice_multi: 0.8487
Epoch 55/100
400/400 - 97s - loss: 0.0994 - dice_multi: 0.8483
Epoch 56/100
400/400 - 98s - loss: 0.0987 - dice_multi: 0.8473
Epoch 57/100
400/400 - 98s - loss: 0.1180 - dice_multi: 0.8242
Epoch 58/100
400/400 - 98s - loss: 0.1013 - dice_multi: 0.8401
Epoch 59/100
400/400 - 97s - loss: 0.0997 - dice_multi: 0.8528
Epoch 60/100
400/400 - 97s - loss: 0.0958 - dice_multi: 0.8541
Epoch 61/100
400/400 - 97s - loss: 0.0927 - dice_multi: 0.8441
Epoch 62/100
400/400 - 97s - loss: 0.0923 - dice_multi: 0.8502
Epoch 63/100
400/400 - 98s - loss: 0.0950 - dice_multi: 0.8518
Epoch 64/100
400/400 - 97s - loss: 0.0944 - dice_multi: 0.8541
Epoch 65/100
400/400 - 97s - loss: 0.0927 - dice_multi: 0.8505
Epoch 66/100
400/400 - 97s - loss: 0.0943 - dice_multi: 0.8486
Epoch 67/100
400/400 - 97s - loss: 0.0947 - dice_multi: 0.8466
Epoch 68/100
400/400 - 97s - loss: 0.1383 - dice_multi: 0.8128
Epoch 69/100
400/400 - 97s - loss: 0.0985 - dice_multi: 0.8501
Epoch 70/100
400/400 - 97s - loss: 0.0966 - dice_multi: 0.8504
Epoch 71/100
400/400 - 98s - loss: 0.0933 - dice_multi: 0.8590
Epoch 72/100
400/400 - 98s - loss: 0.0906 - dice_multi: 0.8620
Epoch 73/100
400/400 - 97s - loss: 0.0930 - dice_multi: 0.8576
Epoch 74/100
400/400 - 98s - loss: 0.0887 - dice_multi: 0.8624
Epoch 75/100
400/400 - 97s - loss: 0.0897 - dice_multi: 0.8597
Epoch 76/100
400/400 - 98s - loss: 0.0894 - dice_multi: 0.8583
Epoch 77/100
400/400 - 98s - loss: 0.0878 - dice_multi: 0.8568
Epoch 78/100
400/400 - 97s - loss: 0.0904 - dice_multi: 0.8520
Epoch 79/100
400/400 - 97s - loss: 0.0875 - dice_multi: 0.8558
Epoch 80/100
400/400 - 97s - loss: 0.0893 - dice_multi: 0.8654
Epoch 81/100
400/400 - 98s - loss: 0.0872 - dice_multi: 0.8599
Epoch 82/100
400/400 - 97s - loss: 0.0892 - dice_multi: 0.8578
Epoch 83/100
400/400 - 98s - loss: 0.0887 - dice_multi: 0.8585
Epoch 84/100
400/400 - 97s - loss: 0.0874 - dice_multi: 0.8586
Epoch 85/100
400/400 - 97s - loss: 0.0865 - dice_multi: 0.8592
Epoch 86/100
400/400 - 98s - loss: 0.0859 - dice_multi: 0.8600
Epoch 87/100
400/400 - 97s - loss: 0.1075 - dice_multi: 0.8372
Epoch 88/100
400/400 - 98s - loss: 0.0923 - dice_multi: 0.8569
Epoch 89/100
400/400 - 97s - loss: 0.0923 - dice_multi: 0.8565
Epoch 90/100
400/400 - 97s - loss: 0.0894 - dice_multi: 0.8616
Epoch 91/100
400/400 - 97s - loss: 0.0834 - dice_multi: 0.8621
Epoch 92/100
400/400 - 97s - loss: 0.0843 - dice_multi: 0.8648
Epoch 93/100
400/400 - 97s - loss: 0.0831 - dice_multi: 0.8621
Epoch 94/100
400/400 - 97s - loss: 0.0837 - dice_multi: 0.8614
Epoch 95/100
400/400 - 97s - loss: 0.0851 - dice_multi: 0.8687
Epoch 96/100
400/400 - 97s - loss: 0.0831 - dice_multi: 0.8593
Epoch 97/100
400/400 - 97s - loss: 0.0899 - dice_multi: 0.8580
Epoch 98/100
400/400 - 97s - loss: 0.0822 - dice_multi: 0.8576
Epoch 99/100
400/400 - 97s - loss: 0.0815 - dice_multi: 0.8687
Epoch 100/100
400/400 - 97s - loss: 0.0840 - dice_multi: 0.8659
training time: 9755.74872136116
executation time:22.758185744285583
---------fold--4---------
training set:  [ 0  1  2  3  4  5  6  7  8  9 10 11 12 13 14 15 16 17 18 19 20 21 22 23
 24 25 26 27 28 29]
training set size:  30
testing set:  [30 31 32 33 34 35 36 37 38 39 40]
testing set size:  11
..generator_len: 400
..training_n_subject: 30
..training_n_patch_per_sub: 2421185
Epoch 1/100
400/400 - 99s - loss: 0.6585 - dice_multi: 0.4076
Epoch 2/100
400/400 - 97s - loss: 0.5129 - dice_multi: 0.4771
Epoch 3/100
400/400 - 97s - loss: 0.4394 - dice_multi: 0.5424
Epoch 4/100
400/400 - 97s - loss: 0.3569 - dice_multi: 0.6036
Epoch 5/100
400/400 - 97s - loss: 0.3185 - dice_multi: 0.6491
Epoch 6/100
400/400 - 97s - loss: 0.2761 - dice_multi: 0.6971
Epoch 7/100
400/400 - 97s - loss: 0.2490 - dice_multi: 0.7195
Epoch 8/100
400/400 - 97s - loss: 0.2244 - dice_multi: 0.7425
Epoch 9/100
400/400 - 97s - loss: 0.2065 - dice_multi: 0.7571
Epoch 10/100
400/400 - 97s - loss: 0.1995 - dice_multi: 0.7646
Epoch 11/100
400/400 - 97s - loss: 0.1750 - dice_multi: 0.7866
Epoch 12/100
400/400 - 97s - loss: 0.1895 - dice_multi: 0.7801
Epoch 13/100
400/400 - 97s - loss: 0.1674 - dice_multi: 0.7968
Epoch 14/100
400/400 - 97s - loss: 0.1693 - dice_multi: 0.8021
Epoch 15/100
400/400 - 97s - loss: 0.1717 - dice_multi: 0.7988
Epoch 16/100
400/400 - 98s - loss: 0.1470 - dice_multi: 0.8157
Epoch 17/100
400/400 - 97s - loss: 0.1501 - dice_multi: 0.8250
Epoch 18/100
400/400 - 97s - loss: 0.1467 - dice_multi: 0.8145
Epoch 19/100
400/400 - 97s - loss: 0.1631 - dice_multi: 0.8056
Epoch 20/100
400/400 - 97s - loss: 0.1406 - dice_multi: 0.8225
Epoch 21/100
400/400 - 97s - loss: 0.1368 - dice_multi: 0.8269
Epoch 22/100
400/400 - 97s - loss: 0.1330 - dice_multi: 0.8356
Epoch 23/100
400/400 - 97s - loss: 0.1354 - dice_multi: 0.8313
Epoch 24/100
400/400 - 98s - loss: 0.1654 - dice_multi: 0.8059
Epoch 25/100
400/400 - 97s - loss: 0.1360 - dice_multi: 0.8296
Epoch 26/100
400/400 - 97s - loss: 0.1289 - dice_multi: 0.8425
Epoch 27/100
400/400 - 97s - loss: 0.1402 - dice_multi: 0.8292
Epoch 28/100
400/400 - 97s - loss: 0.1371 - dice_multi: 0.8311
Epoch 29/100
400/400 - 97s - loss: 0.1233 - dice_multi: 0.8449
Epoch 30/100
400/400 - 97s - loss: 0.1222 - dice_multi: 0.8455
Epoch 31/100
400/400 - 97s - loss: 0.1248 - dice_multi: 0.8488
Epoch 32/100
400/400 - 98s - loss: 0.1254 - dice_multi: 0.8454
Epoch 33/100
400/400 - 97s - loss: 0.1306 - dice_multi: 0.8341
Epoch 34/100
400/400 - 97s - loss: 0.1174 - dice_multi: 0.8473
Epoch 35/100
400/400 - 97s - loss: 0.1274 - dice_multi: 0.8455
Epoch 36/100
400/400 - 97s - loss: 0.1153 - dice_multi: 0.8526
Epoch 37/100
400/400 - 97s - loss: 0.1179 - dice_multi: 0.8540
Epoch 38/100
400/400 - 97s - loss: 0.1214 - dice_multi: 0.8480
Epoch 39/100
400/400 - 98s - loss: 0.1136 - dice_multi: 0.8540
Epoch 40/100
400/400 - 97s - loss: 0.1151 - dice_multi: 0.8580
Epoch 41/100
400/400 - 97s - loss: 0.1458 - dice_multi: 0.8289
Epoch 42/100
400/400 - 97s - loss: 0.1155 - dice_multi: 0.8581
Epoch 43/100
400/400 - 97s - loss: 0.1133 - dice_multi: 0.8624
Epoch 44/100
400/400 - 97s - loss: 0.1128 - dice_multi: 0.8557
Epoch 45/100
400/400 - 98s - loss: 0.1106 - dice_multi: 0.8586
Epoch 46/100
400/400 - 97s - loss: 0.1103 - dice_multi: 0.8600
Epoch 47/100
400/400 - 97s - loss: 0.1096 - dice_multi: 0.8655
Epoch 48/100
400/400 - 97s - loss: 0.1088 - dice_multi: 0.8604
Epoch 49/100
400/400 - 97s - loss: 0.1186 - dice_multi: 0.8547
Epoch 50/100
400/400 - 97s - loss: 0.1127 - dice_multi: 0.8586
Epoch 51/100
400/400 - 97s - loss: 0.1062 - dice_multi: 0.8641
Epoch 52/100
400/400 - 97s - loss: 0.1042 - dice_multi: 0.8686
Epoch 53/100
400/400 - 97s - loss: 0.1035 - dice_multi: 0.8644
Epoch 54/100
400/400 - 97s - loss: 0.1024 - dice_multi: 0.8586
Epoch 55/100
400/400 - 97s - loss: 0.1041 - dice_multi: 0.8631
Epoch 56/100
400/400 - 97s - loss: 0.1034 - dice_multi: 0.8694
Epoch 57/100
400/400 - 97s - loss: 0.1039 - dice_multi: 0.8671
Epoch 58/100
400/400 - 97s - loss: 0.1045 - dice_multi: 0.8690
Epoch 59/100
400/400 - 97s - loss: 0.1018 - dice_multi: 0.8626
Epoch 60/100
400/400 - 97s - loss: 0.1024 - dice_multi: 0.8709
Epoch 61/100
400/400 - 97s - loss: 0.1126 - dice_multi: 0.8452
Epoch 62/100
400/400 - 97s - loss: 0.1031 - dice_multi: 0.8684
Epoch 63/100
400/400 - 97s - loss: 0.1005 - dice_multi: 0.8743
Epoch 64/100
400/400 - 97s - loss: 0.0964 - dice_multi: 0.8724
Epoch 65/100
400/400 - 97s - loss: 0.0985 - dice_multi: 0.8706
Epoch 66/100
400/400 - 97s - loss: 0.0966 - dice_multi: 0.8772
Epoch 67/100
400/400 - 97s - loss: 0.0966 - dice_multi: 0.8696
Epoch 68/100
400/400 - 97s - loss: 0.0973 - dice_multi: 0.8666
Epoch 69/100
400/400 - 97s - loss: 0.0959 - dice_multi: 0.8671
Epoch 70/100
400/400 - 97s - loss: 0.0986 - dice_multi: 0.8595
Epoch 71/100
400/400 - 97s - loss: 0.0972 - dice_multi: 0.8718
Epoch 72/100
400/400 - 97s - loss: 0.0960 - dice_multi: 0.8710
Epoch 73/100
400/400 - 97s - loss: 0.0949 - dice_multi: 0.8730
Epoch 74/100
400/400 - 97s - loss: 0.0932 - dice_multi: 0.8770
Epoch 75/100
400/400 - 97s - loss: 0.0936 - dice_multi: 0.8763
Epoch 76/100
400/400 - 97s - loss: 0.0939 - dice_multi: 0.8750
Epoch 77/100
400/400 - 97s - loss: 0.1037 - dice_multi: 0.8609
Epoch 78/100
400/400 - 97s - loss: 0.0963 - dice_multi: 0.8704
Epoch 79/100
400/400 - 97s - loss: 0.0929 - dice_multi: 0.8675
Epoch 80/100
400/400 - 97s - loss: 0.0940 - dice_multi: 0.8805
Epoch 81/100
400/400 - 97s - loss: 0.0890 - dice_multi: 0.8786
Epoch 82/100
400/400 - 97s - loss: 0.0930 - dice_multi: 0.8866
Epoch 83/100
400/400 - 97s - loss: 0.0925 - dice_multi: 0.8797
Epoch 84/100
400/400 - 98s - loss: 0.0915 - dice_multi: 0.8801
Epoch 85/100
400/400 - 97s - loss: 0.0910 - dice_multi: 0.8774
Epoch 86/100
400/400 - 97s - loss: 0.0918 - dice_multi: 0.8790
Epoch 87/100
400/400 - 98s - loss: 0.0906 - dice_multi: 0.8775
Epoch 88/100
400/400 - 98s - loss: 0.0887 - dice_multi: 0.8753
Epoch 89/100
400/400 - 97s - loss: 0.0898 - dice_multi: 0.8853
Epoch 90/100
400/400 - 97s - loss: 0.0909 - dice_multi: 0.8818
Epoch 91/100
400/400 - 97s - loss: 0.0894 - dice_multi: 0.8766
Epoch 92/100
400/400 - 97s - loss: 0.0895 - dice_multi: 0.8796
Epoch 93/100
400/400 - 97s - loss: 0.1190 - dice_multi: 0.8539
Epoch 94/100
400/400 - 97s - loss: 0.0916 - dice_multi: 0.8743
Epoch 95/100
400/400 - 97s - loss: 0.0893 - dice_multi: 0.8820
Epoch 96/100
400/400 - 97s - loss: 0.0900 - dice_multi: 0.8809
Epoch 97/100
400/400 - 97s - loss: 0.0899 - dice_multi: 0.8850
Epoch 98/100
400/400 - 97s - loss: 0.0890 - dice_multi: 0.8809
Epoch 99/100
400/400 - 97s - loss: 0.0856 - dice_multi: 0.8821
Epoch 100/100
400/400 - 97s - loss: 0.0856 - dice_multi: 0.8869
training time: 9730.384522914886
executation time:22.801389932632446
[array([0.99713385, 0.98023677, 0.8695195 , 0.82950944, 0.8043876 ,
       0.94382244, 0.92220676], dtype=float32), array([0.988885  , 0.9252394 , 0.59112024, 0.91441035, 0.66370684,
       0.78871584, 0.84560394], dtype=float32), array([0.93612903, 0.9138069 , 0.5427196 , 0.80239904, 0.6426902 ,
       0.84989667, 0.87068576], dtype=float32), array([0.9938935 , 0.96159816, 0.74020934, 0.81830245, 0.77876467,
       0.894547  , 0.8475212 ], dtype=float32), array([0.9849597 , 0.965021  , 0.47939345, 0.8546567 , 0.6104025 ,
       0.8922068 , 0.8719401 ], dtype=float32), array([0.99468607, 0.9423055 , 0.88909876, 0.9412654 , 0.8992061 ,
       0.94968855, 0.94859755], dtype=float32), array([0.9968247 , 0.96444154, 0.9061205 , 0.91117567, 0.8901946 ,
       0.92103386, 0.9213247 ], dtype=float32), array([0.99550307, 0.8123898 , 0.7518976 , 0.9436439 , 0.8682144 ,
       0.7350792 , 0.88198966], dtype=float32), array([0.9957158 , 0.9213595 , 0.89811134, 0.96565986, 0.9002595 ,
       0.9420273 , 0.95166695], dtype=float32), array([0.99495715, 0.8230903 , 0.7436195 , 0.9482411 , 0.86516684,
       0.65736216, 0.85542166], dtype=float32), array([0.99773604, 0.8868444 , 0.8797624 , 0.7360982 , 0.67318267,
       0.89907366, 0.9189708 ], dtype=float32), array([0.9910647 , 0.8821195 , 0.9251537 , 0.93138987, 0.9099235 ,
       0.9285714 , 0.9183985 ], dtype=float32), array([0.9966495 , 0.95861596, 0.91321224, 0.9091511 , 0.89498967,
       0.9294541 , 0.9323382 ], dtype=float32), array([0.9922355 , 0.95532876, 0.73564404, 0.9001443 , 0.8621032 ,
       0.9338504 , 0.9173849 ], dtype=float32), array([0.9933791 , 0.96261567, 0.8771195 , 0.9633141 , 0.9065684 ,
       0.9233064 , 0.9367297 ], dtype=float32), array([0.9970812 , 0.8772085 , 0.8866161 , 0.9438424 , 0.88425785,
       0.9051302 , 0.8627377 ], dtype=float32), array([0.9971686 , 0.92027634, 0.9071065 , 0.94899976, 0.9172855 ,
       0.9572949 , 0.9227399 ], dtype=float32), array([0.9944818 , 0.9427683 , 0.9230928 , 0.95722663, 0.913819  ,
       0.92961586, 0.9258404 ], dtype=float32), array([0.995881 , 0.9617964, 0.8879598, 0.940744 , 0.9115428, 0.9364643,
       0.9248262], dtype=float32), array([0.99123657, 0.9790028 , 0.6648268 , 0.83133805, 0.8017707 ,
       0.9205353 , 0.81600416], dtype=float32), array([0.9937179 , 0.97078484, 0.8674374 , 0.9591174 , 0.9006542 ,
       0.9425795 , 0.9120875 ], dtype=float32), array([0.99335897, 0.96350014, 0.88074595, 0.9565102 , 0.91244155,
       0.9404886 , 0.9112975 ], dtype=float32), array([0.99234617, 0.9766401 , 0.87771684, 0.90906376, 0.8673423 ,
       0.9428823 , 0.89901996], dtype=float32), array([0.99671495, 0.98307943, 0.8013804 , 0.9287739 , 0.8929435 ,
       0.9436138 , 0.8766769 ], dtype=float32), array([0.99217784, 0.96960956, 0.8405099 , 0.95363533, 0.873697  ,
       0.91295516, 0.9326864 ], dtype=float32), array([0.9942547 , 0.96947795, 0.8896193 , 0.94671977, 0.9041044 ,
       0.9362943 , 0.94418603], dtype=float32), array([0.9915019 , 0.9402825 , 0.91487664, 0.91709375, 0.8861514 ,
       0.94581944, 0.93907034], dtype=float32), array([0.99081165, 0.9665707 , 0.8761899 , 0.92577153, 0.87486935,
       0.93308496, 0.9436429 ], dtype=float32), array([0.9885037 , 0.9690372 , 0.8517573 , 0.9023892 , 0.86381906,
       0.92198086, 0.94016093], dtype=float32), array([0.99351585, 0.97770536, 0.85663456, 0.80288917, 0.83813447,
       0.8315751 , 0.8588807 ], dtype=float32), array([0.997848  , 0.9595348 , 0.89692605, 0.8483821 , 0.7973717 ,
       0.82273227, 0.93906844], dtype=float32), array([0.9948658 , 0.97629094, 0.81063306, 0.8359111 , 0.8523587 ,
       0.8462689 , 0.92159903], dtype=float32), array([0.9966597 , 0.9746353 , 0.8921775 , 0.8944137 , 0.8784295 ,
       0.9512903 , 0.92199135], dtype=float32), array([0.9974897 , 0.9336109 , 0.84340936, 0.91481626, 0.87071836,
       0.90165937, 0.94396615], dtype=float32), array([0.9978206 , 0.88430417, 0.8605429 , 0.78340304, 0.66783124,
       0.8820872 , 0.8813227 ], dtype=float32), array([0.9943341 , 0.94511306, 0.6488588 , 0.8724555 , 0.7556503 ,
       0.9188568 , 0.87332165], dtype=float32), array([0.99593484, 0.9644855 , 0.8518422 , 0.91677225, 0.89372265,
       0.94557506, 0.93142426], dtype=float32), array([0.9975794 , 0.94195807, 0.891929  , 0.9202137 , 0.8803891 ,
       0.8910327 , 0.90341944], dtype=float32), array([0.994053  , 0.9737016 , 0.71055377, 0.8893789 , 0.8606994 ,
       0.9238214 , 0.8922282 ], dtype=float32), array([0.99573344, 0.9773126 , 0.69813436, 0.8343092 , 0.72782755,
       0.94906735, 0.9075887 ], dtype=float32), array([0.9978672 , 0.95037556, 0.92016244, 0.9224694 , 0.89729303,
       0.94426733, 0.91518545], dtype=float32)]
[0.9929925  0.9440021  0.82181317 0.8981952  0.84133875 0.90403926
 0.9068719 ]
