..data size:(17, 256, 156, 256)
..loading data finished Wed Dec 11 16:54:45 2019
---------fold--1---------
train:  [ 8  9 10 11 12 13 14 15 16]
test:  [0 1 2 3 4 5 6 7]
..generator_len: 250
..training_n_subject: 9
..training_n_patch_per_sub: 3464157
..step_by_epoch:250
..self.current_epoch:0
..total_step:5196235
..n_epoch_all_data:20784
Epoch 1/20
 - 1345s - loss: 0.3509 - dice_multi: 0.5345 - binary_crossentropy: 0.2111
Epoch 2/20
 - 1374s - loss: 0.2459 - dice_multi: 0.6709 - binary_crossentropy: 0.1527
Epoch 3/20
 - 1383s - loss: 0.2187 - dice_multi: 0.7077 - binary_crossentropy: 0.1364
Epoch 4/20
 - 1371s - loss: 0.2020 - dice_multi: 0.7284 - binary_crossentropy: 0.1261
Epoch 5/20
 - 1364s - loss: 0.1809 - dice_multi: 0.7425 - binary_crossentropy: 0.1134
Epoch 6/20
 - 1367s - loss: 0.1822 - dice_multi: 0.7430 - binary_crossentropy: 0.1139
Epoch 7/20
 - 1370s - loss: 0.1604 - dice_multi: 0.7672 - binary_crossentropy: 0.1011
Epoch 8/20
 - 1379s - loss: 0.1625 - dice_multi: 0.7710 - binary_crossentropy: 0.1024
Epoch 9/20
 - 1367s - loss: 0.1608 - dice_multi: 0.7857 - binary_crossentropy: 0.1013
Epoch 10/20
 - 1367s - loss: 0.1577 - dice_multi: 0.7840 - binary_crossentropy: 0.0997
Epoch 11/20
 - 1371s - loss: 0.1488 - dice_multi: 0.7911 - binary_crossentropy: 0.0942
Epoch 12/20
 - 1376s - loss: 0.1550 - dice_multi: 0.7873 - binary_crossentropy: 0.0979
Epoch 13/20
 - 1377s - loss: 0.1468 - dice_multi: 0.7992 - binary_crossentropy: 0.0931
Epoch 14/20
 - 1382s - loss: 0.1436 - dice_multi: 0.8051 - binary_crossentropy: 0.0911
Epoch 15/20
 - 1372s - loss: 0.1380 - dice_multi: 0.8050 - binary_crossentropy: 0.0879
Epoch 16/20
 - 1380s - loss: 0.1404 - dice_multi: 0.8096 - binary_crossentropy: 0.0892
Epoch 17/20
 - 1386s - loss: 0.1374 - dice_multi: 0.8103 - binary_crossentropy: 0.0874
Epoch 18/20
 - 1375s - loss: 0.1399 - dice_multi: 0.8228 - binary_crossentropy: 0.0892
Epoch 19/20
 - 1376s - loss: 0.1349 - dice_multi: 0.8125 - binary_crossentropy: 0.0859
Epoch 20/20
 - 1377s - loss: 0.1273 - dice_multi: 0.8258 - binary_crossentropy: 0.0813
executation time:2658.6200745105743
---------fold--2---------
train:  [0 1 2 3 4 5 6 7]
test:  [ 8  9 10 11 12 13 14 15 16]
..generator_len: 250
..training_n_subject: 8
..training_n_patch_per_sub: 3464157
..step_by_epoch:250
..self.current_epoch:0
..total_step:4618876
..n_epoch_all_data:18475
Epoch 1/20
 - 1219s - loss: 0.4036 - dice_multi: 0.5064 - binary_crossentropy: 0.2395
Epoch 2/20
 - 1217s - loss: 0.2581 - dice_multi: 0.6499 - binary_crossentropy: 0.1606
Epoch 3/20
 - 1221s - loss: 0.2199 - dice_multi: 0.6986 - binary_crossentropy: 0.1382
Epoch 4/20
 - 1223s - loss: 0.2028 - dice_multi: 0.7263 - binary_crossentropy: 0.1285
Epoch 5/20
 - 1214s - loss: 0.1931 - dice_multi: 0.7432 - binary_crossentropy: 0.1224
Epoch 6/20
 - 1226s - loss: 0.1841 - dice_multi: 0.7691 - binary_crossentropy: 0.1167
Epoch 7/20
 - 1232s - loss: 0.1793 - dice_multi: 0.7770 - binary_crossentropy: 0.1138
Epoch 8/20
 - 1222s - loss: 0.1633 - dice_multi: 0.7826 - binary_crossentropy: 0.1042
Epoch 9/20
 - 1226s - loss: 0.1583 - dice_multi: 0.7895 - binary_crossentropy: 0.1012
Epoch 10/20
 - 1219s - loss: 0.1634 - dice_multi: 0.7908 - binary_crossentropy: 0.1041
Epoch 11/20
 - 1231s - loss: 0.1483 - dice_multi: 0.8044 - binary_crossentropy: 0.0952
Epoch 12/20
 - 1229s - loss: 0.1483 - dice_multi: 0.8032 - binary_crossentropy: 0.0951
Epoch 13/20
 - 1230s - loss: 0.1526 - dice_multi: 0.8084 - binary_crossentropy: 0.0978
Epoch 14/20
 - 1233s - loss: 0.1486 - dice_multi: 0.8139 - binary_crossentropy: 0.0952
Epoch 15/20
 - 1235s - loss: 0.1477 - dice_multi: 0.8147 - binary_crossentropy: 0.0947
Epoch 16/20
 - 1233s - loss: 0.1353 - dice_multi: 0.8260 - binary_crossentropy: 0.0872
Epoch 17/20
 - 1242s - loss: 0.1298 - dice_multi: 0.8241 - binary_crossentropy: 0.0838
Epoch 18/20
 - 1244s - loss: 0.1328 - dice_multi: 0.8204 - binary_crossentropy: 0.0855
Epoch 19/20
 - 1234s - loss: 0.1273 - dice_multi: 0.8314 - binary_crossentropy: 0.0822
Epoch 20/20
 - 1230s - loss: 0.1327 - dice_multi: 0.8253 - binary_crossentropy: 0.0856
/cm/shared/apps/python/3.6.0/lib/python3.6/site-packages/tensorflow/python/framework/dtypes.py:523: FutureWarning: Passing (type, 1) or '1type' as a synonym of type is deprecated; in a future version of numpy, it will be understood as (type, (1,)) / '(1,)type'.
  _np_qint8 = np.dtype([("qint8", np.int8, 1)])
/cm/shared/apps/python/3.6.0/lib/python3.6/site-packages/tensorflow/python/framework/dtypes.py:524: FutureWarning: Passing (type, 1) or '1type' as a synonym of type is deprecated; in a future version of numpy, it will be understood as (type, (1,)) / '(1,)type'.
  _np_quint8 = np.dtype([("quint8", np.uint8, 1)])
/cm/shared/apps/python/3.6.0/lib/python3.6/site-packages/tensorflow/python/framework/dtypes.py:525: FutureWarning: Passing (type, 1) or '1type' as a synonym of type is deprecated; in a future version of numpy, it will be understood as (type, (1,)) / '(1,)type'.
  _np_qint16 = np.dtype([("qint16", np.int16, 1)])
/cm/shared/apps/python/3.6.0/lib/python3.6/site-packages/tensorflow/python/framework/dtypes.py:526: FutureWarning: Passing (type, 1) or '1type' as a synonym of type is deprecated; in a future version of numpy, it will be understood as (type, (1,)) / '(1,)type'.
  _np_quint16 = np.dtype([("quint16", np.uint16, 1)])
/cm/shared/apps/python/3.6.0/lib/python3.6/site-packages/tensorflow/python/framework/dtypes.py:527: FutureWarning: Passing (type, 1) or '1type' as a synonym of type is deprecated; in a future version of numpy, it will be understood as (type, (1,)) / '(1,)type'.
  _np_qint32 = np.dtype([("qint32", np.int32, 1)])
/cm/shared/apps/python/3.6.0/lib/python3.6/site-packages/tensorflow/python/framework/dtypes.py:532: FutureWarning: Passing (type, 1) or '1type' as a synonym of type is deprecated; in a future version of numpy, it will be understood as (type, (1,)) / '(1,)type'.
  np_resource = np.dtype([("resource", np.ubyte, 1)])
executation time:2839.5300962924957
[array([0.9739589 , 0.31943774, 0.9061349 ], dtype=float32), array([0.99016523, 0.63127244, 0.9582565 ], dtype=float32), array([0.9939414 , 0.7849272 , 0.70103645], dtype=float32), array([0.99033254, 0.53769   , 0.9547233 ], dtype=float32), array([0.9912955, 0.7763076, 0.9621468], dtype=float32), array([0.99053967, 0.7545608 , 0.8926801 ], dtype=float32), array([0.9931395 , 0.71456224, 0.8551729 ], dtype=float32), array([0.98829526, 0.4738592 , 0.9007319 ], dtype=float32), array([0.98876107, 0.75558126, 0.81609815], dtype=float32), array([0.99137574, 0.73198986, 0.959533  ], dtype=float32), array([0.9950981 , 0.80926186, 0.4720023 ], dtype=float32), array([0.9886474 , 0.67796946, 0.96546817], dtype=float32), array([0.9898464, 0.666099 , 0.9637568], dtype=float32), array([0.979033  , 0.66381097, 0.2641519 ], dtype=float32), array([0.9935592 , 0.7787146 , 0.88550186], dtype=float32), array([0.98880273, 0.18107623, 0.97275144], dtype=float32), array([0.9925958, 0.7401347, 0.6569474], dtype=float32)]
[0.9893757  0.6468974  0.82865256]
