Starting relabelling...

real	0m1.665s
user	0m1.540s
sys	0m0.113s
Ending relabelling...
N4 Bias field correction starting...

Running N4 for 3-dimensional images.

Current level = 1
  Iteration 1 (of 5).   Current convergence value = 0.000989698 (threshold = 0.001)
Current level = 2
  Iteration 1 (of 5).   Current convergence value = 0.00256489 (threshold = 0.001)
  Iteration 2 (of 5).   Current convergence value = 0.00226526 (threshold = 0.001)
  Iteration 3 (of 5).   Current convergence value = 0.00200583 (threshold = 0.001)
  Iteration 4 (of 5).   Current convergence value = 0.00178024 (threshold = 0.001)
  Iteration 5 (of 5).   Current convergence value = 0.00158092 (threshold = 0.001)
Current level = 3
  Iteration 1 (of 5).   Current convergence value = 0.00521786 (threshold = 0.001)
  Iteration 2 (of 5).   Current convergence value = 0.00340376 (threshold = 0.001)
  Iteration 3 (of 5).   Current convergence value = 0.0022256 (threshold = 0.001)
  Iteration 4 (of 5).   Current convergence value = 0.00150818 (threshold = 0.001)
  Iteration 5 (of 5).   Current convergence value = 0.00106299 (threshold = 0.001)
   N4MRIBiasFieldCorrectionImageFilter (0xef75e0)
     RTTI typeinfo:   itk::N4MRIBiasFieldCorrectionImageFilter<itk::Image<float, 3u>, itk::Image<unsigned char, 3u>, itk::Image<float, 3u> >
     Reference Count: 1
     Modified Time: 602
     Debug: Off
     Observers: 
       IterationEvent(Command)
     Number Of Required Inputs: 1
     Number Of Required Outputs: 1
     Number Of Threads: 28
     ReleaseDataFlag: Off
     ReleaseDataBeforeUpdateFlag: Off
     Input 0: (0xf0fc80)
     Input 1: (0xf088e0)
     Output 0: (0xefb9c0)
     AbortGenerateData: Off
     Progress: 0
     Multithreader: 
       RTTI typeinfo:   itk::MultiThreader
       Reference Count: 1
       Modified Time: 214
       Debug: Off
       Observers: 
         none
       Thread Count: 28
       Global Maximum Number Of Threads: 128
       Global Default Number Of Threads: 28
     Mask label: 
     Number of histogram bins: 200
     Weiner filter noise: 0.01
     Bias field FWHM: 0.15
     Maximum number of iterations: [5, 5, 5]
     Convergence threshold: 0.001
     Spline order: 3
     Number of fitting levels: [3, 3, 3]
     Number of control points: [4, 4, 4]
     Sigmoid normalized alpha: 0
     Sigmoid normalized beta: 0.5
Elapsed time: 28.2519

real	0m42.244s
user	1m48.205s
sys	0m0.837s
N4 Bias field correction ending...
Image Resampling starting...

real	0m3.414s
user	0m14.284s
sys	0m0.184s
Image Resampling ending...
Delineation Resampling starting...

real	0m1.286s
user	0m5.408s
sys	0m0.130s
Delineation Resampling ending...
