Starting relabelling...

real	0m1.740s
user	0m1.515s
sys	0m0.153s
Ending relabelling...
N4 Bias field correction starting...

Running N4 for 3-dimensional images.

Current level = 1
  Iteration 1 (of 5).   Current convergence value = 0.00175654 (threshold = 0.001)
  Iteration 2 (of 5).   Current convergence value = 0.0016778 (threshold = 0.001)
  Iteration 3 (of 5).   Current convergence value = 0.00160286 (threshold = 0.001)
  Iteration 4 (of 5).   Current convergence value = 0.00152823 (threshold = 0.001)
  Iteration 5 (of 5).   Current convergence value = 0.00145613 (threshold = 0.001)
Current level = 2
  Iteration 1 (of 5).   Current convergence value = 0.00401021 (threshold = 0.001)
  Iteration 2 (of 5).   Current convergence value = 0.00351823 (threshold = 0.001)
  Iteration 3 (of 5).   Current convergence value = 0.00307635 (threshold = 0.001)
  Iteration 4 (of 5).   Current convergence value = 0.00269103 (threshold = 0.001)
  Iteration 5 (of 5).   Current convergence value = 0.00235994 (threshold = 0.001)
Current level = 3
  Iteration 1 (of 5).   Current convergence value = 0.00703337 (threshold = 0.001)
  Iteration 2 (of 5).   Current convergence value = 0.00478088 (threshold = 0.001)
  Iteration 3 (of 5).   Current convergence value = 0.00331533 (threshold = 0.001)
  Iteration 4 (of 5).   Current convergence value = 0.00236317 (threshold = 0.001)
  Iteration 5 (of 5).   Current convergence value = 0.00172512 (threshold = 0.001)
   N4MRIBiasFieldCorrectionImageFilter (0xef75e0)
     RTTI typeinfo:   itk::N4MRIBiasFieldCorrectionImageFilter<itk::Image<float, 3u>, itk::Image<unsigned char, 3u>, itk::Image<float, 3u> >
     Reference Count: 1
     Modified Time: 602
     Debug: Off
     Observers: 
       IterationEvent(Command)
     Number Of Required Inputs: 1
     Number Of Required Outputs: 1
     Number Of Threads: 28
     ReleaseDataFlag: Off
     ReleaseDataBeforeUpdateFlag: Off
     Input 0: (0xf0fc80)
     Input 1: (0xf088e0)
     Output 0: (0xefb9c0)
     AbortGenerateData: Off
     Progress: 0
     Multithreader: 
       RTTI typeinfo:   itk::MultiThreader
       Reference Count: 1
       Modified Time: 214
       Debug: Off
       Observers: 
         none
       Thread Count: 28
       Global Maximum Number Of Threads: 128
       Global Default Number Of Threads: 28
     Mask label: 
     Number of histogram bins: 200
     Weiner filter noise: 0.01
     Bias field FWHM: 0.15
     Maximum number of iterations: [5, 5, 5]
     Convergence threshold: 0.001
     Spline order: 3
     Number of fitting levels: [3, 3, 3]
     Number of control points: [4, 4, 4]
     Sigmoid normalized alpha: 0
     Sigmoid normalized beta: 0.5
Elapsed time: 41.0675

real	0m58.378s
user	1m31.057s
sys	0m0.905s
N4 Bias field correction ending...
Image Resampling starting...

real	0m4.757s
user	0m15.640s
sys	0m0.245s
Image Resampling ending...
Delineation Resampling starting...

real	0m1.346s
user	0m5.623s
sys	0m0.145s
Delineation Resampling ending...
