Starting relabelling...

real	0m1.719s
user	0m1.591s
sys	0m0.103s
Ending relabelling...
N4 Bias field correction starting...

Running N4 for 3-dimensional images.

Current level = 1
  Iteration 1 (of 5).   Current convergence value = 0.00242138 (threshold = 0.001)
  Iteration 2 (of 5).   Current convergence value = 0.00238587 (threshold = 0.001)
  Iteration 3 (of 5).   Current convergence value = 0.0023686 (threshold = 0.001)
  Iteration 4 (of 5).   Current convergence value = 0.00236496 (threshold = 0.001)
  Iteration 5 (of 5).   Current convergence value = 0.00236705 (threshold = 0.001)
Current level = 2
  Iteration 1 (of 5).   Current convergence value = 0.00325946 (threshold = 0.001)
  Iteration 2 (of 5).   Current convergence value = 0.00272103 (threshold = 0.001)
  Iteration 3 (of 5).   Current convergence value = 0.00249844 (threshold = 0.001)
  Iteration 4 (of 5).   Current convergence value = 0.00228412 (threshold = 0.001)
  Iteration 5 (of 5).   Current convergence value = 0.00210139 (threshold = 0.001)
Current level = 3
  Iteration 1 (of 5).   Current convergence value = 0.00524437 (threshold = 0.001)
  Iteration 2 (of 5).   Current convergence value = 0.00302535 (threshold = 0.001)
  Iteration 3 (of 5).   Current convergence value = 0.00174406 (threshold = 0.001)
  Iteration 4 (of 5).   Current convergence value = 0.00123886 (threshold = 0.001)
  Iteration 5 (of 5).   Current convergence value = 0.00100646 (threshold = 0.001)
   N4MRIBiasFieldCorrectionImageFilter (0xef75e0)
     RTTI typeinfo:   itk::N4MRIBiasFieldCorrectionImageFilter<itk::Image<float, 3u>, itk::Image<unsigned char, 3u>, itk::Image<float, 3u> >
     Reference Count: 1
     Modified Time: 602
     Debug: Off
     Observers: 
       IterationEvent(Command)
     Number Of Required Inputs: 1
     Number Of Required Outputs: 1
     Number Of Threads: 28
     ReleaseDataFlag: Off
     ReleaseDataBeforeUpdateFlag: Off
     Input 0: (0xf0fc80)
     Input 1: (0xf088e0)
     Output 0: (0xefb9c0)
     AbortGenerateData: Off
     Progress: 0
     Multithreader: 
       RTTI typeinfo:   itk::MultiThreader
       Reference Count: 1
       Modified Time: 214
       Debug: Off
       Observers: 
         none
       Thread Count: 28
       Global Maximum Number Of Threads: 128
       Global Default Number Of Threads: 28
     Mask label: 
     Number of histogram bins: 200
     Weiner filter noise: 0.01
     Bias field FWHM: 0.15
     Maximum number of iterations: [5, 5, 5]
     Convergence threshold: 0.001
     Spline order: 3
     Number of fitting levels: [3, 3, 3]
     Number of control points: [4, 4, 4]
     Sigmoid normalized alpha: 0
     Sigmoid normalized beta: 0.5
Elapsed time: 39.3785

real	0m54.074s
user	2m26.319s
sys	0m1.053s
N4 Bias field correction ending...
Image Resampling starting...

real	0m3.900s
user	0m14.742s
sys	0m0.208s
Image Resampling ending...
Delineation Resampling starting...

real	0m1.366s
user	0m5.561s
sys	0m0.143s
Delineation Resampling ending...
