Starting relabelling...

real	0m2.174s
user	0m2.101s
sys	0m0.065s
Ending relabelling...
N4 Bias field correction starting...

Running N4 for 3-dimensional images.

Current level = 1
  Iteration 1 (of 5).   Current convergence value = 0.00210543 (threshold = 0.001)
  Iteration 2 (of 5).   Current convergence value = 0.00197411 (threshold = 0.001)
  Iteration 3 (of 5).   Current convergence value = 0.00185229 (threshold = 0.001)
  Iteration 4 (of 5).   Current convergence value = 0.00173762 (threshold = 0.001)
  Iteration 5 (of 5).   Current convergence value = 0.00162986 (threshold = 0.001)
Current level = 2
  Iteration 1 (of 5).   Current convergence value = 0.00425503 (threshold = 0.001)
  Iteration 2 (of 5).   Current convergence value = 0.00347953 (threshold = 0.001)
  Iteration 3 (of 5).   Current convergence value = 0.00284986 (threshold = 0.001)
  Iteration 4 (of 5).   Current convergence value = 0.00236088 (threshold = 0.001)
  Iteration 5 (of 5).   Current convergence value = 0.00198596 (threshold = 0.001)
Current level = 3
  Iteration 1 (of 5).   Current convergence value = 0.0067321 (threshold = 0.001)
  Iteration 2 (of 5).   Current convergence value = 0.00485523 (threshold = 0.001)
  Iteration 3 (of 5).   Current convergence value = 0.00376123 (threshold = 0.001)
  Iteration 4 (of 5).   Current convergence value = 0.00304003 (threshold = 0.001)
  Iteration 5 (of 5).   Current convergence value = 0.00252909 (threshold = 0.001)
   N4MRIBiasFieldCorrectionImageFilter (0xef75e0)
     RTTI typeinfo:   itk::N4MRIBiasFieldCorrectionImageFilter<itk::Image<float, 3u>, itk::Image<unsigned char, 3u>, itk::Image<float, 3u> >
     Reference Count: 1
     Modified Time: 602
     Debug: Off
     Observers: 
       IterationEvent(Command)
     Number Of Required Inputs: 1
     Number Of Required Outputs: 1
     Number Of Threads: 28
     ReleaseDataFlag: Off
     ReleaseDataBeforeUpdateFlag: Off
     Input 0: (0xf0fe00)
     Input 1: (0xf08ca0)
     Output 0: (0xefb9c0)
     AbortGenerateData: Off
     Progress: 0
     Multithreader: 
       RTTI typeinfo:   itk::MultiThreader
       Reference Count: 1
       Modified Time: 214
       Debug: Off
       Observers: 
         none
       Thread Count: 28
       Global Maximum Number Of Threads: 128
       Global Default Number Of Threads: 28
     Mask label: 
     Number of histogram bins: 200
     Weiner filter noise: 0.01
     Bias field FWHM: 0.15
     Maximum number of iterations: [5, 5, 5]
     Convergence threshold: 0.001
     Spline order: 3
     Number of fitting levels: [3, 3, 3]
     Number of control points: [4, 4, 4]
     Sigmoid normalized alpha: 0
     Sigmoid normalized beta: 0.5
Elapsed time: 46.7094

real	1m1.610s
user	2m42.581s
sys	0m0.653s
N4 Bias field correction ending...
Image Resampling starting...

real	0m3.573s
user	0m9.021s
sys	0m0.147s
Image Resampling ending...
Delineation Resampling starting...

real	0m1.373s
user	0m5.426s
sys	0m0.139s
Delineation Resampling ending...
