Starting relabelling...

real	0m2.662s
user	0m2.473s
sys	0m0.183s
Ending relabelling...
N4 Bias field correction starting...

Running N4 for 3-dimensional images.

Current level = 1
  Iteration 1 (of 5).   Current convergence value = 0.00320412 (threshold = 0.001)
  Iteration 2 (of 5).   Current convergence value = 0.00307897 (threshold = 0.001)
  Iteration 3 (of 5).   Current convergence value = 0.00296278 (threshold = 0.001)
  Iteration 4 (of 5).   Current convergence value = 0.00285607 (threshold = 0.001)
  Iteration 5 (of 5).   Current convergence value = 0.00275757 (threshold = 0.001)
Current level = 2
  Iteration 1 (of 5).   Current convergence value = 0.00584378 (threshold = 0.001)
  Iteration 2 (of 5).   Current convergence value = 0.00489367 (threshold = 0.001)
  Iteration 3 (of 5).   Current convergence value = 0.00411092 (threshold = 0.001)
  Iteration 4 (of 5).   Current convergence value = 0.00350935 (threshold = 0.001)
  Iteration 5 (of 5).   Current convergence value = 0.00313149 (threshold = 0.001)
Current level = 3
  Iteration 1 (of 5).   Current convergence value = 0.00838705 (threshold = 0.001)
  Iteration 2 (of 5).   Current convergence value = 0.00668881 (threshold = 0.001)
  Iteration 3 (of 5).   Current convergence value = 0.00502227 (threshold = 0.001)
  Iteration 4 (of 5).   Current convergence value = 0.00365993 (threshold = 0.001)
  Iteration 5 (of 5).   Current convergence value = 0.00274928 (threshold = 0.001)
   N4MRIBiasFieldCorrectionImageFilter (0xef75e0)
     RTTI typeinfo:   itk::N4MRIBiasFieldCorrectionImageFilter<itk::Image<float, 3u>, itk::Image<unsigned char, 3u>, itk::Image<float, 3u> >
     Reference Count: 1
     Modified Time: 602
     Debug: Off
     Observers: 
       IterationEvent(Command)
     Number Of Required Inputs: 1
     Number Of Required Outputs: 1
     Number Of Threads: 28
     ReleaseDataFlag: Off
     ReleaseDataBeforeUpdateFlag: Off
     Input 0: (0xf0fc80)
     Input 1: (0xf088e0)
     Output 0: (0xefb9c0)
     AbortGenerateData: Off
     Progress: 0
     Multithreader: 
       RTTI typeinfo:   itk::MultiThreader
       Reference Count: 1
       Modified Time: 214
       Debug: Off
       Observers: 
         none
       Thread Count: 28
       Global Maximum Number Of Threads: 128
       Global Default Number Of Threads: 28
     Mask label: 
     Number of histogram bins: 200
     Weiner filter noise: 0.01
     Bias field FWHM: 0.15
     Maximum number of iterations: [5, 5, 5]
     Convergence threshold: 0.001
     Spline order: 3
     Number of fitting levels: [3, 3, 3]
     Number of control points: [4, 4, 4]
     Sigmoid normalized alpha: 0
     Sigmoid normalized beta: 0.5
Elapsed time: 52.1082

real	1m10.523s
user	3m4.080s
sys	0m1.376s
N4 Bias field correction ending...
Image Resampling starting...

real	0m3.905s
user	0m15.029s
sys	0m0.232s
Image Resampling ending...
Delineation Resampling starting...

real	0m1.117s
user	0m5.325s
sys	0m0.165s
Delineation Resampling ending...
