Starting relabelling...

real	0m1.764s
user	0m1.639s
sys	0m0.100s
Ending relabelling...
N4 Bias field correction starting...

Running N4 for 3-dimensional images.

Current level = 1
  Iteration 1 (of 5).   Current convergence value = 0.00381567 (threshold = 0.001)
  Iteration 2 (of 5).   Current convergence value = 0.00389185 (threshold = 0.001)
  Iteration 3 (of 5).   Current convergence value = 0.00395971 (threshold = 0.001)
  Iteration 4 (of 5).   Current convergence value = 0.00401912 (threshold = 0.001)
  Iteration 5 (of 5).   Current convergence value = 0.00407633 (threshold = 0.001)
Current level = 2
  Iteration 1 (of 5).   Current convergence value = 0.0114795 (threshold = 0.001)
  Iteration 2 (of 5).   Current convergence value = 0.0119622 (threshold = 0.001)
  Iteration 3 (of 5).   Current convergence value = 0.0113722 (threshold = 0.001)
  Iteration 4 (of 5).   Current convergence value = 0.0101467 (threshold = 0.001)
  Iteration 5 (of 5).   Current convergence value = 0.00875653 (threshold = 0.001)
Current level = 3
  Iteration 1 (of 5).   Current convergence value = 0.0177518 (threshold = 0.001)
  Iteration 2 (of 5).   Current convergence value = 0.0108878 (threshold = 0.001)
  Iteration 3 (of 5).   Current convergence value = 0.0070235 (threshold = 0.001)
  Iteration 4 (of 5).   Current convergence value = 0.00496572 (threshold = 0.001)
  Iteration 5 (of 5).   Current convergence value = 0.00379249 (threshold = 0.001)
   N4MRIBiasFieldCorrectionImageFilter (0xef75e0)
     RTTI typeinfo:   itk::N4MRIBiasFieldCorrectionImageFilter<itk::Image<float, 3u>, itk::Image<unsigned char, 3u>, itk::Image<float, 3u> >
     Reference Count: 1
     Modified Time: 602
     Debug: Off
     Observers: 
       IterationEvent(Command)
     Number Of Required Inputs: 1
     Number Of Required Outputs: 1
     Number Of Threads: 28
     ReleaseDataFlag: Off
     ReleaseDataBeforeUpdateFlag: Off
     Input 0: (0xf15c60)
     Input 1: (0xf08d20)
     Output 0: (0xefb9c0)
     AbortGenerateData: Off
     Progress: 0
     Multithreader: 
       RTTI typeinfo:   itk::MultiThreader
       Reference Count: 1
       Modified Time: 214
       Debug: Off
       Observers: 
         none
       Thread Count: 28
       Global Maximum Number Of Threads: 128
       Global Default Number Of Threads: 28
     Mask label: 
     Number of histogram bins: 200
     Weiner filter noise: 0.01
     Bias field FWHM: 0.15
     Maximum number of iterations: [5, 5, 5]
     Convergence threshold: 0.001
     Spline order: 3
     Number of fitting levels: [3, 3, 3]
     Number of control points: [4, 4, 4]
     Sigmoid normalized alpha: 0
     Sigmoid normalized beta: 0.5
Elapsed time: 45.3133

real	1m0.789s
user	3m25.640s
sys	0m0.846s
N4 Bias field correction ending...
Image Resampling starting...

real	0m3.485s
user	0m8.791s
sys	0m0.216s
Image Resampling ending...
Delineation Resampling starting...

real	0m1.396s
user	0m5.423s
sys	0m0.132s
Delineation Resampling ending...
