Starting relabelling...

real	0m2.501s
user	0m2.337s
sys	0m0.156s
Ending relabelling...
N4 Bias field correction starting...

Running N4 for 3-dimensional images.

Current level = 1
  Iteration 1 (of 5).   Current convergence value = 0.00200596 (threshold = 0.001)
  Iteration 2 (of 5).   Current convergence value = 0.00198147 (threshold = 0.001)
  Iteration 3 (of 5).   Current convergence value = 0.00195323 (threshold = 0.001)
  Iteration 4 (of 5).   Current convergence value = 0.00192157 (threshold = 0.001)
  Iteration 5 (of 5).   Current convergence value = 0.00188644 (threshold = 0.001)
Current level = 2
  Iteration 1 (of 5).   Current convergence value = 0.00453866 (threshold = 0.001)
  Iteration 2 (of 5).   Current convergence value = 0.00413394 (threshold = 0.001)
  Iteration 3 (of 5).   Current convergence value = 0.0037121 (threshold = 0.001)
  Iteration 4 (of 5).   Current convergence value = 0.00332852 (threshold = 0.001)
  Iteration 5 (of 5).   Current convergence value = 0.00299101 (threshold = 0.001)
Current level = 3
  Iteration 1 (of 5).   Current convergence value = 0.00988839 (threshold = 0.001)
  Iteration 2 (of 5).   Current convergence value = 0.00822209 (threshold = 0.001)
  Iteration 3 (of 5).   Current convergence value = 0.00686447 (threshold = 0.001)
  Iteration 4 (of 5).   Current convergence value = 0.00554083 (threshold = 0.001)
  Iteration 5 (of 5).   Current convergence value = 0.00431991 (threshold = 0.001)
   N4MRIBiasFieldCorrectionImageFilter (0xef75e0)
     RTTI typeinfo:   itk::N4MRIBiasFieldCorrectionImageFilter<itk::Image<float, 3u>, itk::Image<unsigned char, 3u>, itk::Image<float, 3u> >
     Reference Count: 1
     Modified Time: 602
     Debug: Off
     Observers: 
       IterationEvent(Command)
     Number Of Required Inputs: 1
     Number Of Required Outputs: 1
     Number Of Threads: 28
     ReleaseDataFlag: Off
     ReleaseDataBeforeUpdateFlag: Off
     Input 0: (0xf0fe00)
     Input 1: (0xf08ce0)
     Output 0: (0xefb9c0)
     AbortGenerateData: Off
     Progress: 0
     Multithreader: 
       RTTI typeinfo:   itk::MultiThreader
       Reference Count: 1
       Modified Time: 214
       Debug: Off
       Observers: 
         none
       Thread Count: 28
       Global Maximum Number Of Threads: 128
       Global Default Number Of Threads: 28
     Mask label: 
     Number of histogram bins: 200
     Weiner filter noise: 0.01
     Bias field FWHM: 0.15
     Maximum number of iterations: [5, 5, 5]
     Convergence threshold: 0.001
     Spline order: 3
     Number of fitting levels: [3, 3, 3]
     Number of control points: [4, 4, 4]
     Sigmoid normalized alpha: 0
     Sigmoid normalized beta: 0.5
Elapsed time: 52.5218

real	1m13.305s
user	1m50.404s
sys	0m1.079s
N4 Bias field correction ending...
Image Resampling starting...

real	0m4.373s
user	0m14.557s
sys	0m0.294s
Image Resampling ending...
Delineation Resampling starting...

real	0m1.401s
user	0m5.647s
sys	0m0.174s
Delineation Resampling ending...
