Starting relabelling...

real	0m1.765s
user	0m1.639s
sys	0m0.118s
Ending relabelling...
N4 Bias field correction starting...

Running N4 for 3-dimensional images.

Current level = 1
  Iteration 1 (of 5).   Current convergence value = 0.00257137 (threshold = 0.001)
  Iteration 2 (of 5).   Current convergence value = 0.00254812 (threshold = 0.001)
  Iteration 3 (of 5).   Current convergence value = 0.00251395 (threshold = 0.001)
  Iteration 4 (of 5).   Current convergence value = 0.00247113 (threshold = 0.001)
  Iteration 5 (of 5).   Current convergence value = 0.00242159 (threshold = 0.001)
Current level = 2
  Iteration 1 (of 5).   Current convergence value = 0.00681971 (threshold = 0.001)
  Iteration 2 (of 5).   Current convergence value = 0.00643563 (threshold = 0.001)
  Iteration 3 (of 5).   Current convergence value = 0.00607304 (threshold = 0.001)
  Iteration 4 (of 5).   Current convergence value = 0.00572212 (threshold = 0.001)
  Iteration 5 (of 5).   Current convergence value = 0.00533684 (threshold = 0.001)
Current level = 3
  Iteration 1 (of 5).   Current convergence value = 0.0148886 (threshold = 0.001)
  Iteration 2 (of 5).   Current convergence value = 0.0106297 (threshold = 0.001)
  Iteration 3 (of 5).   Current convergence value = 0.00725861 (threshold = 0.001)
  Iteration 4 (of 5).   Current convergence value = 0.00505626 (threshold = 0.001)
  Iteration 5 (of 5).   Current convergence value = 0.00367692 (threshold = 0.001)
   N4MRIBiasFieldCorrectionImageFilter (0xef75e0)
     RTTI typeinfo:   itk::N4MRIBiasFieldCorrectionImageFilter<itk::Image<float, 3u>, itk::Image<unsigned char, 3u>, itk::Image<float, 3u> >
     Reference Count: 1
     Modified Time: 602
     Debug: Off
     Observers: 
       IterationEvent(Command)
     Number Of Required Inputs: 1
     Number Of Required Outputs: 1
     Number Of Threads: 28
     ReleaseDataFlag: Off
     ReleaseDataBeforeUpdateFlag: Off
     Input 0: (0xf0fe00)
     Input 1: (0xf08ce0)
     Output 0: (0xefb9c0)
     AbortGenerateData: Off
     Progress: 0
     Multithreader: 
       RTTI typeinfo:   itk::MultiThreader
       Reference Count: 1
       Modified Time: 214
       Debug: Off
       Observers: 
         none
       Thread Count: 28
       Global Maximum Number Of Threads: 128
       Global Default Number Of Threads: 28
     Mask label: 
     Number of histogram bins: 200
     Weiner filter noise: 0.01
     Bias field FWHM: 0.15
     Maximum number of iterations: [5, 5, 5]
     Convergence threshold: 0.001
     Spline order: 3
     Number of fitting levels: [3, 3, 3]
     Number of control points: [4, 4, 4]
     Sigmoid normalized alpha: 0
     Sigmoid normalized beta: 0.5
Elapsed time: 34.9216

real	0m47.266s
user	1m53.234s
sys	0m0.936s
N4 Bias field correction ending...
Image Resampling starting...

real	0m3.685s
user	0m11.754s
sys	0m0.232s
Image Resampling ending...
Delineation Resampling starting...

real	0m1.277s
user	0m5.408s
sys	0m0.133s
Delineation Resampling ending...
