Starting relabelling...

real	0m1.364s
user	0m1.275s
sys	0m0.083s
Ending relabelling...
N4 Bias field correction starting...

Running N4 for 3-dimensional images.

Current level = 1
  Iteration 1 (of 5).   Current convergence value = 0.00106408 (threshold = 0.001)
  Iteration 2 (of 5).   Current convergence value = 0.00101945 (threshold = 0.001)
  Iteration 3 (of 5).   Current convergence value = 0.000976745 (threshold = 0.001)
Current level = 2
  Iteration 1 (of 5).   Current convergence value = 0.00233661 (threshold = 0.001)
  Iteration 2 (of 5).   Current convergence value = 0.00208451 (threshold = 0.001)
  Iteration 3 (of 5).   Current convergence value = 0.00186324 (threshold = 0.001)
  Iteration 4 (of 5).   Current convergence value = 0.00166938 (threshold = 0.001)
  Iteration 5 (of 5).   Current convergence value = 0.00149911 (threshold = 0.001)
Current level = 3
  Iteration 1 (of 5).   Current convergence value = 0.00511502 (threshold = 0.001)
  Iteration 2 (of 5).   Current convergence value = 0.00399461 (threshold = 0.001)
  Iteration 3 (of 5).   Current convergence value = 0.00331996 (threshold = 0.001)
  Iteration 4 (of 5).   Current convergence value = 0.00289459 (threshold = 0.001)
  Iteration 5 (of 5).   Current convergence value = 0.00258172 (threshold = 0.001)
   N4MRIBiasFieldCorrectionImageFilter (0xef75e0)
     RTTI typeinfo:   itk::N4MRIBiasFieldCorrectionImageFilter<itk::Image<float, 3u>, itk::Image<unsigned char, 3u>, itk::Image<float, 3u> >
     Reference Count: 1
     Modified Time: 602
     Debug: Off
     Observers: 
       IterationEvent(Command)
     Number Of Required Inputs: 1
     Number Of Required Outputs: 1
     Number Of Threads: 28
     ReleaseDataFlag: Off
     ReleaseDataBeforeUpdateFlag: Off
     Input 0: (0xf0fe00)
     Input 1: (0xf08ce0)
     Output 0: (0xefb9c0)
     AbortGenerateData: Off
     Progress: 0
     Multithreader: 
       RTTI typeinfo:   itk::MultiThreader
       Reference Count: 1
       Modified Time: 214
       Debug: Off
       Observers: 
         none
       Thread Count: 28
       Global Maximum Number Of Threads: 128
       Global Default Number Of Threads: 28
     Mask label: 
     Number of histogram bins: 200
     Weiner filter noise: 0.01
     Bias field FWHM: 0.15
     Maximum number of iterations: [5, 5, 5]
     Convergence threshold: 0.001
     Spline order: 3
     Number of fitting levels: [3, 3, 3]
     Number of control points: [4, 4, 4]
     Sigmoid normalized alpha: 0
     Sigmoid normalized beta: 0.5
Elapsed time: 29.5442

real	0m42.637s
user	1m1.128s
sys	0m0.864s
N4 Bias field correction ending...
Image Resampling starting...

real	0m4.108s
user	0m15.090s
sys	0m0.254s
Image Resampling ending...
Delineation Resampling starting...

real	0m1.037s
user	0m5.205s
sys	0m0.132s
Delineation Resampling ending...
