Starting relabelling...

real	0m1.887s
user	0m1.728s
sys	0m0.125s
Ending relabelling...
N4 Bias field correction starting...

Running N4 for 3-dimensional images.

Current level = 1
  Iteration 1 (of 5).   Current convergence value = 0.00212391 (threshold = 0.001)
  Iteration 2 (of 5).   Current convergence value = 0.00204142 (threshold = 0.001)
  Iteration 3 (of 5).   Current convergence value = 0.00193135 (threshold = 0.001)
  Iteration 4 (of 5).   Current convergence value = 0.00182643 (threshold = 0.001)
  Iteration 5 (of 5).   Current convergence value = 0.00172864 (threshold = 0.001)
Current level = 2
  Iteration 1 (of 5).   Current convergence value = 0.0055434 (threshold = 0.001)
  Iteration 2 (of 5).   Current convergence value = 0.00473386 (threshold = 0.001)
  Iteration 3 (of 5).   Current convergence value = 0.00406779 (threshold = 0.001)
  Iteration 4 (of 5).   Current convergence value = 0.00350533 (threshold = 0.001)
  Iteration 5 (of 5).   Current convergence value = 0.00302746 (threshold = 0.001)
Current level = 3
  Iteration 1 (of 5).   Current convergence value = 0.00668969 (threshold = 0.001)
  Iteration 2 (of 5).   Current convergence value = 0.00482179 (threshold = 0.001)
  Iteration 3 (of 5).   Current convergence value = 0.00369697 (threshold = 0.001)
  Iteration 4 (of 5).   Current convergence value = 0.00299583 (threshold = 0.001)
  Iteration 5 (of 5).   Current convergence value = 0.00252504 (threshold = 0.001)
   N4MRIBiasFieldCorrectionImageFilter (0xef75e0)
     RTTI typeinfo:   itk::N4MRIBiasFieldCorrectionImageFilter<itk::Image<float, 3u>, itk::Image<unsigned char, 3u>, itk::Image<float, 3u> >
     Reference Count: 1
     Modified Time: 602
     Debug: Off
     Observers: 
       IterationEvent(Command)
     Number Of Required Inputs: 1
     Number Of Required Outputs: 1
     Number Of Threads: 28
     ReleaseDataFlag: Off
     ReleaseDataBeforeUpdateFlag: Off
     Input 0: (0xf0fe00)
     Input 1: (0xf08ca0)
     Output 0: (0xefb9c0)
     AbortGenerateData: Off
     Progress: 0
     Multithreader: 
       RTTI typeinfo:   itk::MultiThreader
       Reference Count: 1
       Modified Time: 214
       Debug: Off
       Observers: 
         none
       Thread Count: 28
       Global Maximum Number Of Threads: 128
       Global Default Number Of Threads: 28
     Mask label: 
     Number of histogram bins: 200
     Weiner filter noise: 0.01
     Bias field FWHM: 0.15
     Maximum number of iterations: [5, 5, 5]
     Convergence threshold: 0.001
     Spline order: 3
     Number of fitting levels: [3, 3, 3]
     Number of control points: [4, 4, 4]
     Sigmoid normalized alpha: 0
     Sigmoid normalized beta: 0.5
Elapsed time: 40.3116

real	0m54.430s
user	1m22.284s
sys	0m1.420s
N4 Bias field correction ending...
Image Resampling starting...

real	0m3.604s
user	0m14.065s
sys	0m0.206s
Image Resampling ending...
Delineation Resampling starting...

real	0m1.348s
user	0m5.541s
sys	0m0.138s
Delineation Resampling ending...
