Starting relabelling...

real	0m1.821s
user	0m1.549s
sys	0m0.113s
Ending relabelling...
N4 Bias field correction starting...

Running N4 for 3-dimensional images.

Current level = 1
  Iteration 1 (of 5).   Current convergence value = 0.000507075 (threshold = 0.001)
Current level = 2
  Iteration 1 (of 5).   Current convergence value = 0.00126578 (threshold = 0.001)
  Iteration 2 (of 5).   Current convergence value = 0.00124418 (threshold = 0.001)
  Iteration 3 (of 5).   Current convergence value = 0.00122285 (threshold = 0.001)
  Iteration 4 (of 5).   Current convergence value = 0.00120298 (threshold = 0.001)
  Iteration 5 (of 5).   Current convergence value = 0.00118354 (threshold = 0.001)
Current level = 3
  Iteration 1 (of 5).   Current convergence value = 0.00384023 (threshold = 0.001)
  Iteration 2 (of 5).   Current convergence value = 0.00369333 (threshold = 0.001)
  Iteration 3 (of 5).   Current convergence value = 0.0035592 (threshold = 0.001)
  Iteration 4 (of 5).   Current convergence value = 0.00342746 (threshold = 0.001)
  Iteration 5 (of 5).   Current convergence value = 0.00329945 (threshold = 0.001)
   N4MRIBiasFieldCorrectionImageFilter (0xef75e0)
     RTTI typeinfo:   itk::N4MRIBiasFieldCorrectionImageFilter<itk::Image<float, 3u>, itk::Image<unsigned char, 3u>, itk::Image<float, 3u> >
     Reference Count: 1
     Modified Time: 602
     Debug: Off
     Observers: 
       IterationEvent(Command)
     Number Of Required Inputs: 1
     Number Of Required Outputs: 1
     Number Of Threads: 28
     ReleaseDataFlag: Off
     ReleaseDataBeforeUpdateFlag: Off
     Input 0: (0xf0fe00)
     Input 1: (0xf08ce0)
     Output 0: (0xefb9c0)
     AbortGenerateData: Off
     Progress: 0
     Multithreader: 
       RTTI typeinfo:   itk::MultiThreader
       Reference Count: 1
       Modified Time: 214
       Debug: Off
       Observers: 
         none
       Thread Count: 28
       Global Maximum Number Of Threads: 128
       Global Default Number Of Threads: 28
     Mask label: 
     Number of histogram bins: 200
     Weiner filter noise: 0.01
     Bias field FWHM: 0.15
     Maximum number of iterations: [5, 5, 5]
     Convergence threshold: 0.001
     Spline order: 3
     Number of fitting levels: [3, 3, 3]
     Number of control points: [4, 4, 4]
     Sigmoid normalized alpha: 0
     Sigmoid normalized beta: 0.5
Elapsed time: 25.9694

real	0m39.957s
user	0m50.150s
sys	0m0.937s
N4 Bias field correction ending...
Image Resampling starting...

real	0m3.405s
user	0m13.225s
sys	0m0.204s
Image Resampling ending...
Delineation Resampling starting...

real	0m1.277s
user	0m5.225s
sys	0m0.125s
Delineation Resampling ending...
