Starting relabelling...

real	0m1.644s
user	0m1.556s
sys	0m0.061s
Ending relabelling...
N4 Bias field correction starting...

Running N4 for 3-dimensional images.

Current level = 1
  Iteration 1 (of 5).   Current convergence value = 0.00127565 (threshold = 0.001)
  Iteration 2 (of 5).   Current convergence value = 0.00127295 (threshold = 0.001)
  Iteration 3 (of 5).   Current convergence value = 0.00127133 (threshold = 0.001)
  Iteration 4 (of 5).   Current convergence value = 0.00126974 (threshold = 0.001)
  Iteration 5 (of 5).   Current convergence value = 0.00126972 (threshold = 0.001)
Current level = 2
  Iteration 1 (of 5).   Current convergence value = 0.00278095 (threshold = 0.001)
  Iteration 2 (of 5).   Current convergence value = 0.00271485 (threshold = 0.001)
  Iteration 3 (of 5).   Current convergence value = 0.00265957 (threshold = 0.001)
  Iteration 4 (of 5).   Current convergence value = 0.00260233 (threshold = 0.001)
  Iteration 5 (of 5).   Current convergence value = 0.00255018 (threshold = 0.001)
Current level = 3
  Iteration 1 (of 5).   Current convergence value = 0.00904806 (threshold = 0.001)
  Iteration 2 (of 5).   Current convergence value = 0.00860547 (threshold = 0.001)
  Iteration 3 (of 5).   Current convergence value = 0.00757654 (threshold = 0.001)
  Iteration 4 (of 5).   Current convergence value = 0.00620106 (threshold = 0.001)
  Iteration 5 (of 5).   Current convergence value = 0.0048714 (threshold = 0.001)
   N4MRIBiasFieldCorrectionImageFilter (0xef75e0)
     RTTI typeinfo:   itk::N4MRIBiasFieldCorrectionImageFilter<itk::Image<float, 3u>, itk::Image<unsigned char, 3u>, itk::Image<float, 3u> >
     Reference Count: 1
     Modified Time: 602
     Debug: Off
     Observers: 
       IterationEvent(Command)
     Number Of Required Inputs: 1
     Number Of Required Outputs: 1
     Number Of Threads: 28
     ReleaseDataFlag: Off
     ReleaseDataBeforeUpdateFlag: Off
     Input 0: (0xf0fe00)
     Input 1: (0xf08ce0)
     Output 0: (0xefb9c0)
     AbortGenerateData: Off
     Progress: 0
     Multithreader: 
       RTTI typeinfo:   itk::MultiThreader
       Reference Count: 1
       Modified Time: 214
       Debug: Off
       Observers: 
         none
       Thread Count: 28
       Global Maximum Number Of Threads: 128
       Global Default Number Of Threads: 28
     Mask label: 
     Number of histogram bins: 200
     Weiner filter noise: 0.01
     Bias field FWHM: 0.15
     Maximum number of iterations: [5, 5, 5]
     Convergence threshold: 0.001
     Spline order: 3
     Number of fitting levels: [3, 3, 3]
     Number of control points: [4, 4, 4]
     Sigmoid normalized alpha: 0
     Sigmoid normalized beta: 0.5
Elapsed time: 38.2566

real	0m52.867s
user	1m53.306s
sys	0m0.600s
N4 Bias field correction ending...
Image Resampling starting...

real	0m2.626s
user	0m11.705s
sys	0m0.153s
Image Resampling ending...
Delineation Resampling starting...

real	0m1.205s
user	0m5.343s
sys	0m0.073s
Delineation Resampling ending...
